Simulator report for Parallel_Serial_Manchester
Sat Dec 06 18:30:20 2025
Quartus II Version 9.1 Build 350 03/24/2010 Service Pack 2 SJ Web Edition


---------------------
; Table of Contents ;
---------------------
  1. Legal Notice
  2. Simulator Summary
  3. Simulator Settings
  4. Simulation Waveforms
  5. Coverage Summary
  6. Complete 1/0-Value Coverage
  7. Missing 1-Value Coverage
  8. Missing 0-Value Coverage
  9. Simulator INI Usage
 10. Simulator Messages



----------------
; Legal Notice ;
----------------
Copyright (C) 1991-2010 Altera Corporation
Your use of Altera Corporation's design tools, logic functions 
and other software and tools, and its AMPP partner logic 
functions, and any output files from any of the foregoing 
(including device programming or simulation files), and any 
associated documentation or information are expressly subject 
to the terms and conditions of the Altera Program License 
Subscription Agreement, Altera MegaCore Function License 
Agreement, or other applicable license agreement, including, 
without limitation, that your use is for the sole purpose of 
programming logic devices manufactured by Altera and sold by 
Altera or its authorized distributors.  Please refer to the 
applicable agreement for further details.



+--------------------------------------------+
; Simulator Summary                          ;
+-----------------------------+--------------+
; Type                        ; Value        ;
+-----------------------------+--------------+
; Simulation Start Time       ; 0 ps         ;
; Simulation End Time         ; 1.0 us       ;
; Simulation Netlist Size     ; 53 nodes     ;
; Simulation Coverage         ;     100.00 % ;
; Total Number of Transitions ; 4410         ;
; Simulation Breakpoints      ; 0            ;
; Family                      ; Cyclone III  ;
+-----------------------------+--------------+


+-------------------------------------------------------------------------------------------------------------------------+
; Simulator Settings                                                                                                      ;
+--------------------------------------------------------------------------------------------+------------+---------------+
; Option                                                                                     ; Setting    ; Default Value ;
+--------------------------------------------------------------------------------------------+------------+---------------+
; Simulation mode                                                                            ; Functional ; Timing        ;
; Start time                                                                                 ; 0 ns       ; 0 ns          ;
; Simulation results format                                                                  ; CVWF       ;               ;
; Add pins automatically to simulation output waveforms                                      ; On         ; On            ;
; Check outputs                                                                              ; Off        ; Off           ;
; Report simulation coverage                                                                 ; On         ; On            ;
; Display complete 1/0 value coverage report                                                 ; On         ; On            ;
; Display missing 1-value coverage report                                                    ; On         ; On            ;
; Display missing 0-value coverage report                                                    ; On         ; On            ;
; Detect setup and hold time violations                                                      ; Off        ; Off           ;
; Detect glitches                                                                            ; Off        ; Off           ;
; Disable timing delays in Timing Simulation                                                 ; Off        ; Off           ;
; Generate Signal Activity File                                                              ; Off        ; Off           ;
; Generate VCD File for PowerPlay Power Analyzer                                             ; Off        ; Off           ;
; Group bus channels in simulation results                                                   ; Off        ; Off           ;
; Preserve fewer signal transitions to reduce memory requirements                            ; On         ; On            ;
; Trigger vector comparison with the specified mode                                          ; INPUT_EDGE ; INPUT_EDGE    ;
; Disable setup and hold time violations detection in input registers of bi-directional pins ; Off        ; Off           ;
; Overwrite Waveform Inputs With Simulation Outputs                                          ; Off        ;               ;
; Perform Glitch Filtering in Timing Simulation                                              ; Auto       ; Auto          ;
; Interconnect Delay Model Type                                                              ; Transport  ; Transport     ;
; Cell Delay Model Type                                                                      ; Transport  ; Transport     ;
+--------------------------------------------------------------------------------------------+------------+---------------+


+----------------------+
; Simulation Waveforms ;
+----------------------+
Waveform report data cannot be output to ASCII.
Please use Quartus II to view the waveform report data.


+--------------------------------------------------------------------+
; Coverage Summary                                                   ;
+-----------------------------------------------------+--------------+
; Type                                                ; Value        ;
+-----------------------------------------------------+--------------+
; Total coverage as a percentage                      ;     100.00 % ;
; Total nodes checked                                 ; 53           ;
; Total output ports checked                          ; 53           ;
; Total output ports with complete 1/0-value coverage ; 53           ;
; Total output ports with no 1/0-value coverage       ; 0            ;
; Total output ports with no 1-value coverage         ; 0            ;
; Total output ports with no 0-value coverage         ; 0            ;
+-----------------------------------------------------+--------------+


The following table displays output ports that toggle between 1 and 0 during simulation.
+----------------------------------------------------------------------------------------------------------------------------------------------+
; Complete 1/0-Value Coverage                                                                                                                  ;
+-------------------------------------------------------------+-------------------------------------------------------------+------------------+
; Node Name                                                   ; Output Port Name                                            ; Output Port Type ;
+-------------------------------------------------------------+-------------------------------------------------------------+------------------+
; |6Bit_Parallel_Serial_Manchester|SER3                       ; |6Bit_Parallel_Serial_Manchester|SER3                       ; pin_out          ;
; |6Bit_Parallel_Serial_Manchester|CLK1                       ; |6Bit_Parallel_Serial_Manchester|CLK1                       ; out              ;
; |6Bit_Parallel_Serial_Manchester|inst13                     ; |6Bit_Parallel_Serial_Manchester|inst13                     ; out0             ;
; |6Bit_Parallel_Serial_Manchester|inst8                      ; |6Bit_Parallel_Serial_Manchester|inst8                      ; out0             ;
; |6Bit_Parallel_Serial_Manchester|CLK2                       ; |6Bit_Parallel_Serial_Manchester|CLK2                       ; out              ;
; |6Bit_Parallel_Serial_Manchester|SER2                       ; |6Bit_Parallel_Serial_Manchester|SER2                       ; pin_out          ;
; |6Bit_Parallel_Serial_Manchester|SER1                       ; |6Bit_Parallel_Serial_Manchester|SER1                       ; pin_out          ;
; |6Bit_Parallel_Serial_Manchester|SER0                       ; |6Bit_Parallel_Serial_Manchester|SER0                       ; pin_out          ;
; |6Bit_Parallel_Serial_Manchester|Man_OUT                    ; |6Bit_Parallel_Serial_Manchester|Man_OUT                    ; pin_out          ;
; |6Bit_Parallel_Serial_Manchester|inst4                      ; |6Bit_Parallel_Serial_Manchester|inst4                      ; out0             ;
; |6Bit_Parallel_Serial_Manchester|74151:inst2|f74151:sub|81  ; |6Bit_Parallel_Serial_Manchester|74151:inst2|f74151:sub|81  ; out0             ;
; |6Bit_Parallel_Serial_Manchester|74151:inst2|f74151:sub|79  ; |6Bit_Parallel_Serial_Manchester|74151:inst2|f74151:sub|79  ; out0             ;
; |6Bit_Parallel_Serial_Manchester|74151:inst2|f74151:sub|78  ; |6Bit_Parallel_Serial_Manchester|74151:inst2|f74151:sub|78  ; out0             ;
; |6Bit_Parallel_Serial_Manchester|74151:inst2|f74151:sub|71  ; |6Bit_Parallel_Serial_Manchester|74151:inst2|f74151:sub|71  ; out0             ;
; |6Bit_Parallel_Serial_Manchester|74151:inst2|f74151:sub|60  ; |6Bit_Parallel_Serial_Manchester|74151:inst2|f74151:sub|60  ; out0             ;
; |6Bit_Parallel_Serial_Manchester|74151:inst2|f74151:sub|72  ; |6Bit_Parallel_Serial_Manchester|74151:inst2|f74151:sub|72  ; out0             ;
; |6Bit_Parallel_Serial_Manchester|74151:inst2|f74151:sub|68  ; |6Bit_Parallel_Serial_Manchester|74151:inst2|f74151:sub|68  ; out0             ;
; |6Bit_Parallel_Serial_Manchester|74151:inst2|f74151:sub|61  ; |6Bit_Parallel_Serial_Manchester|74151:inst2|f74151:sub|61  ; out0             ;
; |6Bit_Parallel_Serial_Manchester|74151:inst2|f74151:sub|62  ; |6Bit_Parallel_Serial_Manchester|74151:inst2|f74151:sub|62  ; out0             ;
; |6Bit_Parallel_Serial_Manchester|74151:inst2|f74151:sub|83  ; |6Bit_Parallel_Serial_Manchester|74151:inst2|f74151:sub|83  ; out0             ;
; |6Bit_Parallel_Serial_Manchester|74151:inst2|f74151:sub|73  ; |6Bit_Parallel_Serial_Manchester|74151:inst2|f74151:sub|73  ; out0             ;
; |6Bit_Parallel_Serial_Manchester|74151:inst2|f74151:sub|69  ; |6Bit_Parallel_Serial_Manchester|74151:inst2|f74151:sub|69  ; out0             ;
; |6Bit_Parallel_Serial_Manchester|74151:inst2|f74151:sub|63  ; |6Bit_Parallel_Serial_Manchester|74151:inst2|f74151:sub|63  ; out0             ;
; |6Bit_Parallel_Serial_Manchester|74194:inst1|38             ; |6Bit_Parallel_Serial_Manchester|74194:inst1|38             ; regout           ;
; |6Bit_Parallel_Serial_Manchester|74194:inst1|39             ; |6Bit_Parallel_Serial_Manchester|74194:inst1|39             ; regout           ;
; |6Bit_Parallel_Serial_Manchester|74194:inst1|40             ; |6Bit_Parallel_Serial_Manchester|74194:inst1|40             ; regout           ;
; |6Bit_Parallel_Serial_Manchester|74194:inst1|41             ; |6Bit_Parallel_Serial_Manchester|74194:inst1|41             ; regout           ;
; |6Bit_Parallel_Serial_Manchester|74161:inst5|f74161:sub|99  ; |6Bit_Parallel_Serial_Manchester|74161:inst5|f74161:sub|99  ; regout           ;
; |6Bit_Parallel_Serial_Manchester|74161:inst5|f74161:sub|98  ; |6Bit_Parallel_Serial_Manchester|74161:inst5|f74161:sub|98  ; out0             ;
; |6Bit_Parallel_Serial_Manchester|74161:inst5|f74161:sub|97  ; |6Bit_Parallel_Serial_Manchester|74161:inst5|f74161:sub|97  ; out0             ;
; |6Bit_Parallel_Serial_Manchester|74161:inst5|f74161:sub|84  ; |6Bit_Parallel_Serial_Manchester|74161:inst5|f74161:sub|84  ; out0             ;
; |6Bit_Parallel_Serial_Manchester|74161:inst5|f74161:sub|87  ; |6Bit_Parallel_Serial_Manchester|74161:inst5|f74161:sub|87  ; regout           ;
; |6Bit_Parallel_Serial_Manchester|74161:inst5|f74161:sub|86  ; |6Bit_Parallel_Serial_Manchester|74161:inst5|f74161:sub|86  ; out0             ;
; |6Bit_Parallel_Serial_Manchester|74161:inst5|f74161:sub|90  ; |6Bit_Parallel_Serial_Manchester|74161:inst5|f74161:sub|90  ; out0             ;
; |6Bit_Parallel_Serial_Manchester|74161:inst5|f74161:sub|81  ; |6Bit_Parallel_Serial_Manchester|74161:inst5|f74161:sub|81  ; out0             ;
; |6Bit_Parallel_Serial_Manchester|74161:inst5|f74161:sub|9   ; |6Bit_Parallel_Serial_Manchester|74161:inst5|f74161:sub|9   ; regout           ;
; |6Bit_Parallel_Serial_Manchester|74161:inst5|f74161:sub|77  ; |6Bit_Parallel_Serial_Manchester|74161:inst5|f74161:sub|77  ; out0             ;
; |6Bit_Parallel_Serial_Manchester|74161:inst6|f74161:sub|110 ; |6Bit_Parallel_Serial_Manchester|74161:inst6|f74161:sub|110 ; regout           ;
; |6Bit_Parallel_Serial_Manchester|74161:inst6|f74161:sub|109 ; |6Bit_Parallel_Serial_Manchester|74161:inst6|f74161:sub|109 ; out0             ;
; |6Bit_Parallel_Serial_Manchester|74161:inst6|f74161:sub|113 ; |6Bit_Parallel_Serial_Manchester|74161:inst6|f74161:sub|113 ; out0             ;
; |6Bit_Parallel_Serial_Manchester|74161:inst6|f74161:sub|108 ; |6Bit_Parallel_Serial_Manchester|74161:inst6|f74161:sub|108 ; out0             ;
; |6Bit_Parallel_Serial_Manchester|74161:inst6|f74161:sub|99  ; |6Bit_Parallel_Serial_Manchester|74161:inst6|f74161:sub|99  ; regout           ;
; |6Bit_Parallel_Serial_Manchester|74161:inst6|f74161:sub|102 ; |6Bit_Parallel_Serial_Manchester|74161:inst6|f74161:sub|102 ; out0             ;
; |6Bit_Parallel_Serial_Manchester|74161:inst6|f74161:sub|101 ; |6Bit_Parallel_Serial_Manchester|74161:inst6|f74161:sub|101 ; out0             ;
; |6Bit_Parallel_Serial_Manchester|74161:inst6|f74161:sub|98  ; |6Bit_Parallel_Serial_Manchester|74161:inst6|f74161:sub|98  ; out0             ;
; |6Bit_Parallel_Serial_Manchester|74161:inst6|f74161:sub|87  ; |6Bit_Parallel_Serial_Manchester|74161:inst6|f74161:sub|87  ; regout           ;
; |6Bit_Parallel_Serial_Manchester|74161:inst6|f74161:sub|92  ; |6Bit_Parallel_Serial_Manchester|74161:inst6|f74161:sub|92  ; out0             ;
; |6Bit_Parallel_Serial_Manchester|74161:inst6|f74161:sub|91  ; |6Bit_Parallel_Serial_Manchester|74161:inst6|f74161:sub|91  ; out0             ;
; |6Bit_Parallel_Serial_Manchester|74161:inst6|f74161:sub|86  ; |6Bit_Parallel_Serial_Manchester|74161:inst6|f74161:sub|86  ; out0             ;
; |6Bit_Parallel_Serial_Manchester|74161:inst6|f74161:sub|9   ; |6Bit_Parallel_Serial_Manchester|74161:inst6|f74161:sub|9   ; regout           ;
; |6Bit_Parallel_Serial_Manchester|74161:inst6|f74161:sub|75  ; |6Bit_Parallel_Serial_Manchester|74161:inst6|f74161:sub|75  ; out0             ;
; |6Bit_Parallel_Serial_Manchester|74161:inst6|f74161:sub|76  ; |6Bit_Parallel_Serial_Manchester|74161:inst6|f74161:sub|76  ; out0             ;
; |6Bit_Parallel_Serial_Manchester|74161:inst6|f74161:sub|77  ; |6Bit_Parallel_Serial_Manchester|74161:inst6|f74161:sub|77  ; out0             ;
+-------------------------------------------------------------+-------------------------------------------------------------+------------------+


The following table displays output ports that do not toggle to 1 during simulation.
+-------------------------------------------------+
; Missing 1-Value Coverage                        ;
+-----------+------------------+------------------+
; Node Name ; Output Port Name ; Output Port Type ;
+-----------+------------------+------------------+


The following table displays output ports that do not toggle to 0 during simulation.
+-------------------------------------------------+
; Missing 0-Value Coverage                        ;
+-----------+------------------+------------------+
; Node Name ; Output Port Name ; Output Port Type ;
+-----------+------------------+------------------+


+---------------------+
; Simulator INI Usage ;
+--------+------------+
; Option ; Usage      ;
+--------+------------+


+--------------------+
; Simulator Messages ;
+--------------------+
Info: *******************************************************************
Info: Running Quartus II Simulator
    Info: Version 9.1 Build 350 03/24/2010 Service Pack 2 SJ Web Edition
    Info: Processing started: Sat Dec 06 18:30:20 2025
Info: Command: quartus_sim --read_settings_files=on --write_settings_files=off Parallel_Serial_Manchester -c Parallel_Serial_Manchester
Info: Using vector source file "E:/Quartus_FPGA/Parallel_Serial_Manchester25_12_06/Parallel_Serial_Manchester.vwf"
Info: Option to preserve fewer signal transitions to reduce memory requirements is enabled
    Info: Simulation has been partitioned into sub-simulations according to the maximum transition count determined by the engine. Transitions from memory will be flushed out to disk at the end of each sub-simulation to reduce memory requirements.
Warning: Found clock-sensitive change during active clock edge at time 5.0 ns on register "|6Bit_Parallel_Serial_Manchester|74194:inst1|38"
Info: Simulation partitioned into 1 sub-simulations
Info: Simulation coverage is     100.00 %
Info: Number of transitions in simulation is 4410
Info: Quartus II Simulator was successful. 0 errors, 1 warning
    Info: Peak virtual memory: 156 megabytes
    Info: Processing ended: Sat Dec 06 18:30:20 2025
    Info: Elapsed time: 00:00:00
    Info: Total CPU time (on all processors): 00:00:00


