Flow report for Modulo10_74161_Counter
Sun Nov 30 16:20:08 2025
Quartus II Version 9.1 Build 350 03/24/2010 Service Pack 2 SJ Web Edition


---------------------
; Table of Contents ;
---------------------
  1. Legal Notice
  2. Flow Summary
  3. Flow Settings
  4. Flow Non-Default Global Settings
  5. Flow Elapsed Time
  6. Flow OS Summary
  7. Flow Log



----------------
; Legal Notice ;
----------------
Copyright (C) 1991-2010 Altera Corporation
Your use of Altera Corporation's design tools, logic functions 
and other software and tools, and its AMPP partner logic 
functions, and any output files from any of the foregoing 
(including device programming or simulation files), and any 
associated documentation or information are expressly subject 
to the terms and conditions of the Altera Program License 
Subscription Agreement, Altera MegaCore Function License 
Agreement, or other applicable license agreement, including, 
without limitation, that your use is for the sole purpose of 
programming logic devices manufactured by Altera and sold by 
Altera or its authorized distributors.  Please refer to the 
applicable agreement for further details.



+-----------------------------------------------------------------------------------+
; Flow Summary                                                                      ;
+------------------------------------+----------------------------------------------+
; Flow Status                        ; Successful - Sun Nov 30 16:20:08 2025        ;
; Quartus II Version                 ; 9.1 Build 350 03/24/2010 SP 2 SJ Web Edition ;
; Revision Name                      ; Modulo10_74161_Counter                       ;
; Top-level Entity Name              ; 74194_SeqGenerator                           ;
; Family                             ; Cyclone III                                  ;
; Device                             ; EP3C5E144C8                                  ;
; Timing Models                      ; Final                                        ;
; Met timing requirements            ; N/A                                          ;
; Total logic elements               ; 4 / 5,136 ( < 1 % )                          ;
;     Total combinational functions  ; 4 / 5,136 ( < 1 % )                          ;
;     Dedicated logic registers      ; 4 / 5,136 ( < 1 % )                          ;
; Total registers                    ; 4                                            ;
; Total pins                         ; 2 / 95 ( 2 % )                               ;
; Total virtual pins                 ; 0                                            ;
; Total memory bits                  ; 0 / 423,936 ( 0 % )                          ;
; Embedded Multiplier 9-bit elements ; 0 / 46 ( 0 % )                               ;
; Total PLLs                         ; 0 / 2 ( 0 % )                                ;
+------------------------------------+----------------------------------------------+


+--------------------------------------------+
; Flow Settings                              ;
+-------------------+------------------------+
; Option            ; Setting                ;
+-------------------+------------------------+
; Start date & time ; 11/30/2025 16:20:03    ;
; Main task         ; Compilation            ;
; Revision Name     ; Modulo10_74161_Counter ;
+-------------------+------------------------+


+-------------------------------------------------------------------------------------------------------------------------------------+
; Flow Non-Default Global Settings                                                                                                    ;
+------------------------------------+---------------------------------+------------------------+--------------------+----------------+
; Assignment Name                    ; Value                           ; Default Value          ; Entity Name        ; Section Id     ;
+------------------------------------+---------------------------------+------------------------+--------------------+----------------+
; COMPILER_SIGNATURE_ID              ; 224391401220068.176449080325412 ; --                     ; --                 ; --             ;
; MAX_CORE_JUNCTION_TEMP             ; 85                              ; --                     ; --                 ; --             ;
; MIN_CORE_JUNCTION_TEMP             ; 0                               ; --                     ; --                 ; --             ;
; NOMINAL_CORE_SUPPLY_VOLTAGE        ; 1.2V                            ; --                     ; --                 ; --             ;
; PARTITION_COLOR                    ; 16764057                        ; --                     ; 74194_SeqGenerator ; Top            ;
; PARTITION_NETLIST_TYPE             ; SOURCE                          ; --                     ; 74194_SeqGenerator ; Top            ;
; TOP_LEVEL_ENTITY                   ; 74194_SeqGenerator              ; Modulo10_74161_Counter ; --                 ; --             ;
; USE_GENERATED_PHYSICAL_CONSTRAINTS ; Off                             ; --                     ; --                 ; eda_blast_fpga ;
+------------------------------------+---------------------------------+------------------------+--------------------+----------------+


+-------------------------------------------------------------------------------------------------------------------------------+
; Flow Elapsed Time                                                                                                             ;
+---------------------------+--------------+-------------------------+---------------------+------------------------------------+
; Module Name               ; Elapsed Time ; Average Processors Used ; Peak Virtual Memory ; Total CPU Time (on all processors) ;
+---------------------------+--------------+-------------------------+---------------------+------------------------------------+
; Analysis & Synthesis      ; 00:00:01     ; 1.0                     ; 232 MB              ; 00:00:00                           ;
; Fitter                    ; 00:00:02     ; 1.0                     ; 293 MB              ; 00:00:01                           ;
; TimeQuest Timing Analyzer ; 00:00:01     ; 1.0                     ; 263 MB              ; 00:00:00                           ;
; Assembler                 ; 00:00:01     ; 1.0                     ; 227 MB              ; 00:00:00                           ;
; Total                     ; 00:00:04     ; --                      ; --                  ; 00:00:01                           ;
+---------------------------+--------------+-------------------------+---------------------+------------------------------------+


+--------------------------------------------------------------------------------------------+
; Flow OS Summary                                                                            ;
+---------------------------+------------------+---------------+------------+----------------+
; Module Name               ; Machine Hostname ; OS Name       ; OS Version ; Processor type ;
+---------------------------+------------------+---------------+------------+----------------+
; Analysis & Synthesis      ; Laptop-Wang      ; Windows Vista ; 6.2        ; x86_64         ;
; Fitter                    ; Laptop-Wang      ; Windows Vista ; 6.2        ; x86_64         ;
; Assembler                 ; Laptop-Wang      ; Windows Vista ; 6.2        ; x86_64         ;
; TimeQuest Timing Analyzer ; Laptop-Wang      ; Windows Vista ; 6.2        ; x86_64         ;
+---------------------------+------------------+---------------+------------+----------------+


------------
; Flow Log ;
------------
quartus_map --read_settings_files=on --write_settings_files=off Modulo10_74161_Counter -c Modulo10_74161_Counter
quartus_fit --read_settings_files=off --write_settings_files=off Modulo10_74161_Counter -c Modulo10_74161_Counter
quartus_asm --read_settings_files=off --write_settings_files=off Modulo10_74161_Counter -c Modulo10_74161_Counter
quartus_sta Modulo10_74161_Counter -c Modulo10_74161_Counter



