Flow report for Sythesis_Caculator25_12_12
Sun Dec 21 12:23:21 2025
Quartus II Version 9.1 Build 350 03/24/2010 Service Pack 2 SJ Web Edition


---------------------
; Table of Contents ;
---------------------
  1. Legal Notice
  2. Flow Summary
  3. Flow Settings
  4. Flow Non-Default Global Settings
  5. Flow Elapsed Time
  6. Flow OS Summary
  7. Flow Log



----------------
; Legal Notice ;
----------------
Copyright (C) 1991-2010 Altera Corporation
Your use of Altera Corporation's design tools, logic functions 
and other software and tools, and its AMPP partner logic 
functions, and any output files from any of the foregoing 
(including device programming or simulation files), and any 
associated documentation or information are expressly subject 
to the terms and conditions of the Altera Program License 
Subscription Agreement, Altera MegaCore Function License 
Agreement, or other applicable license agreement, including, 
without limitation, that your use is for the sole purpose of 
programming logic devices manufactured by Altera and sold by 
Altera or its authorized distributors.  Please refer to the 
applicable agreement for further details.



+-----------------------------------------------------------------------------------+
; Flow Summary                                                                      ;
+------------------------------------+----------------------------------------------+
; Flow Status                        ; Successful - Sun Dec 21 12:23:20 2025        ;
; Quartus II Version                 ; 9.1 Build 350 03/24/2010 SP 2 SJ Web Edition ;
; Revision Name                      ; Sythesis_Caculator25_12_12                   ;
; Top-level Entity Name              ; Full_Calculator2.0                           ;
; Family                             ; Cyclone III                                  ;
; Met timing requirements            ; N/A                                          ;
; Total logic elements               ; 354 / 5,136 ( 7 % )                          ;
;     Total combinational functions  ; 353 / 5,136 ( 7 % )                          ;
;     Dedicated logic registers      ; 36 / 5,136 ( < 1 % )                         ;
; Total registers                    ; 36                                           ;
; Total pins                         ; 17 / 183 ( 9 % )                             ;
; Total virtual pins                 ; 0                                            ;
; Total memory bits                  ; 0 / 423,936 ( 0 % )                          ;
; Embedded Multiplier 9-bit elements ; 0 / 46 ( 0 % )                               ;
; Total PLLs                         ; 1 / 2 ( 50 % )                               ;
; Device                             ; EP3C5F256C6                                  ;
; Timing Models                      ; Final                                        ;
+------------------------------------+----------------------------------------------+


+------------------------------------------------+
; Flow Settings                                  ;
+-------------------+----------------------------+
; Option            ; Setting                    ;
+-------------------+----------------------------+
; Start date & time ; 12/21/2025 12:23:13        ;
; Main task         ; Compilation                ;
; Revision Name     ; Sythesis_Caculator25_12_12 ;
+-------------------+----------------------------+


+-----------------------------------------------------------------------------------------------------------------------------------------------------------------------------------+
; Flow Non-Default Global Settings                                                                                                                                                  ;
+------------------------------------+---------------------------------------------------------------------------+----------------------------+--------------------+----------------+
; Assignment Name                    ; Value                                                                     ; Default Value              ; Entity Name        ; Section Id     ;
+------------------------------------+---------------------------------------------------------------------------+----------------------------+--------------------+----------------+
; COMPILER_SIGNATURE_ID              ; 224391401220068.176629099326932                                           ; --                         ; --                 ; --             ;
; MISC_FILE                          ; E:/Quartus_FPGA/Sythesis_Caculator25_12_12/Sythesis_Caculator25_12_12.dpf ; --                         ; --                 ; --             ;
; PARTITION_COLOR                    ; 16764057                                                                  ; --                         ; Full_Calculator2.0 ; Top            ;
; PARTITION_NETLIST_TYPE             ; SOURCE                                                                    ; --                         ; Full_Calculator2.0 ; Top            ;
; TOP_LEVEL_ENTITY                   ; Full_Calculator2.0                                                        ; Sythesis_Caculator25_12_12 ; --                 ; --             ;
; USE_GENERATED_PHYSICAL_CONSTRAINTS ; Off                                                                       ; --                         ; --                 ; eda_blast_fpga ;
+------------------------------------+---------------------------------------------------------------------------+----------------------------+--------------------+----------------+


+-------------------------------------------------------------------------------------------------------------------------------+
; Flow Elapsed Time                                                                                                             ;
+---------------------------+--------------+-------------------------+---------------------+------------------------------------+
; Module Name               ; Elapsed Time ; Average Processors Used ; Peak Virtual Memory ; Total CPU Time (on all processors) ;
+---------------------------+--------------+-------------------------+---------------------+------------------------------------+
; Analysis & Synthesis      ; 00:00:02     ; 1.0                     ; 262 MB              ; 00:00:01                           ;
; Fitter                    ; 00:00:03     ; 1.0                     ; 295 MB              ; 00:00:01                           ;
; TimeQuest Timing Analyzer ; 00:00:01     ; 1.0                     ; 260 MB              ; 00:00:00                           ;
; Assembler                 ; 00:00:00     ; 1.0                     ; 228 MB              ; 00:00:00                           ;
; Total                     ; 00:00:06     ; --                      ; --                  ; 00:00:02                           ;
+---------------------------+--------------+-------------------------+---------------------+------------------------------------+


+--------------------------------------------------------------------------------------------+
; Flow OS Summary                                                                            ;
+---------------------------+------------------+---------------+------------+----------------+
; Module Name               ; Machine Hostname ; OS Name       ; OS Version ; Processor type ;
+---------------------------+------------------+---------------+------------+----------------+
; Analysis & Synthesis      ; Laptop-Wang      ; Windows Vista ; 6.2        ; x86_64         ;
; Fitter                    ; Laptop-Wang      ; Windows Vista ; 6.2        ; x86_64         ;
; Assembler                 ; Laptop-Wang      ; Windows Vista ; 6.2        ; x86_64         ;
; TimeQuest Timing Analyzer ; Laptop-Wang      ; Windows Vista ; 6.2        ; x86_64         ;
+---------------------------+------------------+---------------+------------+----------------+


------------
; Flow Log ;
------------
quartus_map --read_settings_files=on --write_settings_files=off Sythesis_Caculator25_12_12 -c Sythesis_Caculator25_12_12
quartus_fit --read_settings_files=off --write_settings_files=off Sythesis_Caculator25_12_12 -c Sythesis_Caculator25_12_12
quartus_asm --read_settings_files=off --write_settings_files=off Sythesis_Caculator25_12_12 -c Sythesis_Caculator25_12_12
quartus_sta Sythesis_Caculator25_12_12 -c Sythesis_Caculator25_12_12



