Analysis & Synthesis report for Sythesis_Caculator25_12_12
Mon Dec 15 22:06:39 2025
Quartus II Version 9.1 Build 350 03/24/2010 Service Pack 2 SJ Web Edition


---------------------
; Table of Contents ;
---------------------
  1. Legal Notice
  2. Analysis & Synthesis Summary
  3. Analysis & Synthesis Settings
  4. Parallel Compilation
  5. Analysis & Synthesis Source Files Read
  6. Analysis & Synthesis Resource Usage Summary
  7. Analysis & Synthesis Resource Utilization by Entity
  8. State Machine - |Full_Calculator|Core_Calculator:inst3|key:inst|keyboard:inst1|pre_state
  9. Registers Removed During Synthesis
 10. General Register Statistics
 11. Multiplexer Restructuring Statistics (Restructuring Performed)
 12. Parameter Settings for User Entity Instance: Core_Calculator:inst3|key:inst|keyboard:inst1
 13. Parameter Settings for User Entity Instance: altpll0:inst|altpll:altpll_component
 14. Parameter Settings for User Entity Instance: seg_decoder:inst1
 15. altpll Parameter Settings by Entity Instance
 16. Analysis & Synthesis Messages



----------------
; Legal Notice ;
----------------
Copyright (C) 1991-2010 Altera Corporation
Your use of Altera Corporation's design tools, logic functions 
and other software and tools, and its AMPP partner logic 
functions, and any output files from any of the foregoing 
(including device programming or simulation files), and any 
associated documentation or information are expressly subject 
to the terms and conditions of the Altera Program License 
Subscription Agreement, Altera MegaCore Function License 
Agreement, or other applicable license agreement, including, 
without limitation, that your use is for the sole purpose of 
programming logic devices manufactured by Altera and sold by 
Altera or its authorized distributors.  Please refer to the 
applicable agreement for further details.



+-----------------------------------------------------------------------------------+
; Analysis & Synthesis Summary                                                      ;
+------------------------------------+----------------------------------------------+
; Analysis & Synthesis Status        ; Successful - Mon Dec 15 22:06:39 2025        ;
; Quartus II Version                 ; 9.1 Build 350 03/24/2010 SP 2 SJ Web Edition ;
; Revision Name                      ; Sythesis_Caculator25_12_12                   ;
; Top-level Entity Name              ; Full_Calculator                              ;
; Family                             ; Cyclone IV E                                 ;
; Total logic elements               ; 77                                           ;
;     Total combinational functions  ; 76                                           ;
;     Dedicated logic registers      ; 27                                           ;
; Total registers                    ; 27                                           ;
; Total pins                         ; 21                                           ;
; Total virtual pins                 ; 0                                            ;
; Total memory bits                  ; 0                                            ;
; Embedded Multiplier 9-bit elements ; 0                                            ;
; Total PLLs                         ; 1                                            ;
+------------------------------------+----------------------------------------------+


+------------------------------------------------------------------------------------------------------------------------------+
; Analysis & Synthesis Settings                                                                                                ;
+----------------------------------------------------------------------------+--------------------+----------------------------+
; Option                                                                     ; Setting            ; Default Value              ;
+----------------------------------------------------------------------------+--------------------+----------------------------+
; Device                                                                     ; EP4CE6F17C8        ;                            ;
; Top-level entity name                                                      ; Full_Calculator    ; Sythesis_Caculator25_12_12 ;
; Family name                                                                ; Cyclone IV E       ; Stratix II                 ;
; Use Generated Physical Constraints File                                    ; Off                ;                            ;
; Use smart compilation                                                      ; Off                ; Off                        ;
; Enable parallel Assembler and TimeQuest Timing Analyzer during compilation ; On                 ; On                         ;
; Enable compact report table                                                ; Off                ; Off                        ;
; Restructure Multiplexers                                                   ; Auto               ; Auto                       ;
; Create Debugging Nodes for IP Cores                                        ; Off                ; Off                        ;
; Preserve fewer node names                                                  ; On                 ; On                         ;
; Disable OpenCore Plus hardware evaluation                                  ; Off                ; Off                        ;
; Verilog Version                                                            ; Verilog_2001       ; Verilog_2001               ;
; VHDL Version                                                               ; VHDL_1993          ; VHDL_1993                  ;
; State Machine Processing                                                   ; Auto               ; Auto                       ;
; Safe State Machine                                                         ; Off                ; Off                        ;
; Extract Verilog State Machines                                             ; On                 ; On                         ;
; Extract VHDL State Machines                                                ; On                 ; On                         ;
; Ignore Verilog initial constructs                                          ; Off                ; Off                        ;
; Iteration limit for constant Verilog loops                                 ; 5000               ; 5000                       ;
; Iteration limit for non-constant Verilog loops                             ; 250                ; 250                        ;
; Add Pass-Through Logic to Inferred RAMs                                    ; On                 ; On                         ;
; Parallel Synthesis                                                         ; On                 ; On                         ;
; DSP Block Balancing                                                        ; Auto               ; Auto                       ;
; NOT Gate Push-Back                                                         ; On                 ; On                         ;
; Power-Up Don't Care                                                        ; On                 ; On                         ;
; Remove Redundant Logic Cells                                               ; Off                ; Off                        ;
; Remove Duplicate Registers                                                 ; On                 ; On                         ;
; Ignore CARRY Buffers                                                       ; Off                ; Off                        ;
; Ignore CASCADE Buffers                                                     ; Off                ; Off                        ;
; Ignore GLOBAL Buffers                                                      ; Off                ; Off                        ;
; Ignore ROW GLOBAL Buffers                                                  ; Off                ; Off                        ;
; Ignore LCELL Buffers                                                       ; Off                ; Off                        ;
; Ignore SOFT Buffers                                                        ; On                 ; On                         ;
; Limit AHDL Integers to 32 Bits                                             ; Off                ; Off                        ;
; Optimization Technique                                                     ; Balanced           ; Balanced                   ;
; Carry Chain Length                                                         ; 70                 ; 70                         ;
; Auto Carry Chains                                                          ; On                 ; On                         ;
; Auto Open-Drain Pins                                                       ; On                 ; On                         ;
; Perform WYSIWYG Primitive Resynthesis                                      ; Off                ; Off                        ;
; Auto ROM Replacement                                                       ; On                 ; On                         ;
; Auto RAM Replacement                                                       ; On                 ; On                         ;
; Auto DSP Block Replacement                                                 ; On                 ; On                         ;
; Auto Shift Register Replacement                                            ; Auto               ; Auto                       ;
; Auto Clock Enable Replacement                                              ; On                 ; On                         ;
; Strict RAM Replacement                                                     ; Off                ; Off                        ;
; Allow Synchronous Control Signals                                          ; On                 ; On                         ;
; Force Use of Synchronous Clear Signals                                     ; Off                ; Off                        ;
; Auto RAM Block Balancing                                                   ; On                 ; On                         ;
; Auto RAM to Logic Cell Conversion                                          ; Off                ; Off                        ;
; Auto Resource Sharing                                                      ; Off                ; Off                        ;
; Allow Any RAM Size For Recognition                                         ; Off                ; Off                        ;
; Allow Any ROM Size For Recognition                                         ; Off                ; Off                        ;
; Allow Any Shift Register Size For Recognition                              ; Off                ; Off                        ;
; Use LogicLock Constraints during Resource Balancing                        ; On                 ; On                         ;
; Ignore translate_off and synthesis_off directives                          ; Off                ; Off                        ;
; Timing-Driven Synthesis                                                    ; On                 ; On                         ;
; Show Parameter Settings Tables in Synthesis Report                         ; On                 ; On                         ;
; Ignore Maximum Fan-Out Assignments                                         ; Off                ; Off                        ;
; Synchronization Register Chain Length                                      ; 2                  ; 2                          ;
; PowerPlay Power Optimization                                               ; Normal compilation ; Normal compilation         ;
; HDL message level                                                          ; Level2             ; Level2                     ;
; Suppress Register Optimization Related Messages                            ; Off                ; Off                        ;
; Number of Removed Registers Reported in Synthesis Report                   ; 5000               ; 5000                       ;
; Number of Inverted Registers Reported in Synthesis Report                  ; 100                ; 100                        ;
; Clock MUX Protection                                                       ; On                 ; On                         ;
; Auto Gated Clock Conversion                                                ; Off                ; Off                        ;
; Block Design Naming                                                        ; Auto               ; Auto                       ;
; SDC constraint protection                                                  ; Off                ; Off                        ;
; Synthesis Effort                                                           ; Auto               ; Auto                       ;
; Shift Register Replacement - Allow Asynchronous Clear Signal               ; On                 ; On                         ;
; Analysis & Synthesis Message Level                                         ; Medium             ; Medium                     ;
; Disable Register Merging Across Hierarchies                                ; Auto               ; Auto                       ;
; Resource Aware Inference For Block RAM                                     ; On                 ; On                         ;
+----------------------------------------------------------------------------+--------------------+----------------------------+


Parallel compilation was disabled, but you have multiple processors available. Enable parallel compilation to reduce compilation time.
+-------------------------------------+
; Parallel Compilation                ;
+----------------------------+--------+
; Processors                 ; Number ;
+----------------------------+--------+
; Number detected on machine ; 12     ;
; Maximum allowed            ; 1      ;
+----------------------------+--------+


+--------------------------------------------------------------------------------------------------------------------------------------------------------------------------------------------------------------------------------------------------+
; Analysis & Synthesis Source Files Read                                                                                                                                                                                                           ;
+---------------------------------------------------------------------------------------------+-----------------+------------------------------------+---------------------------------------------------------------------------------------------+
; File Name with User-Entered Path                                                            ; Used in Netlist ; File Type                          ; File Name with Absolute Path                                                                ;
+---------------------------------------------------------------------------------------------+-----------------+------------------------------------+---------------------------------------------------------------------------------------------+
; key.bdf                                                                                     ; yes             ; User Block Diagram/Schematic File  ; E:/Quartus_FPGA/Sythesis_Caculator25_12_12/key.bdf                                          ;
; C:/Users/HUAWEI/Desktop/简易计算器键盘和时钟模块2025年/板载50M晶振产生10kHz时钟/altpll0.vhd ; yes             ; User Wizard-Generated File         ; C:/Users/HUAWEI/Desktop/简易计算器键盘和时钟模块2025年/板载50M晶振产生10kHz时钟/altpll0.vhd ;
; C:/Users/HUAWEI/Desktop/简易计算器键盘和时钟模块2025年/键盘和显示模块/keyboard.vhd          ; yes             ; User VHDL File                     ; C:/Users/HUAWEI/Desktop/简易计算器键盘和时钟模块2025年/键盘和显示模块/keyboard.vhd          ;
; C:/Users/HUAWEI/Desktop/简易计算器键盘和时钟模块2025年/键盘和显示模块/Seg_Decoder.vhd       ; yes             ; User VHDL File                     ; C:/Users/HUAWEI/Desktop/简易计算器键盘和时钟模块2025年/键盘和显示模块/Seg_Decoder.vhd       ;
; ../BCD_Calculator25_11_11/1BitFullAdder.bdf                                                 ; yes             ; User Block Diagram/Schematic File  ; E:/Quartus_FPGA/BCD_Calculator25_11_11/1BitFullAdder.bdf                                    ;
; ../BCD_Calculator25_11_11/1BitHalfAdder.bdf                                                 ; yes             ; User Block Diagram/Schematic File  ; E:/Quartus_FPGA/BCD_Calculator25_11_11/1BitHalfAdder.bdf                                    ;
; ../BCD_Calculator25_11_11/4BitFullAdder.bdf                                                 ; yes             ; User Block Diagram/Schematic File  ; E:/Quartus_FPGA/BCD_Calculator25_11_11/4BitFullAdder.bdf                                    ;
; ../BCD_Calculator25_11_11/BCD_Calculator.bdf                                                ; yes             ; User Block Diagram/Schematic File  ; E:/Quartus_FPGA/BCD_Calculator25_11_11/BCD_Calculator.bdf                                   ;
; 8BitRegister.bdf                                                                            ; yes             ; User Block Diagram/Schematic File  ; E:/Quartus_FPGA/Sythesis_Caculator25_12_12/8BitRegister.bdf                                 ;
; 4BitRegister.bdf                                                                            ; yes             ; User Block Diagram/Schematic File  ; E:/Quartus_FPGA/Sythesis_Caculator25_12_12/4BitRegister.bdf                                 ;
; Full_Calculator.bdf                                                                         ; yes             ; User Block Diagram/Schematic File  ; E:/Quartus_FPGA/Sythesis_Caculator25_12_12/Full_Calculator.bdf                              ;
; Core_Calculator.bdf                                                                         ; yes             ; User Block Diagram/Schematic File  ; E:/Quartus_FPGA/Sythesis_Caculator25_12_12/Core_Calculator.bdf                              ;
; bcd_multiple.vhd                                                                            ; yes             ; User VHDL File                     ; E:/Quartus_FPGA/Sythesis_Caculator25_12_12/bcd_multiple.vhd                                 ;
; 4bitreg_lock.vhd                                                                            ; yes             ; User VHDL File                     ; E:/Quartus_FPGA/Sythesis_Caculator25_12_12/4bitreg_lock.vhd                                 ;
; 8bitreg_lock.vhd                                                                            ; yes             ; User VHDL File                     ; E:/Quartus_FPGA/Sythesis_Caculator25_12_12/8bitreg_lock.vhd                                 ;
; altpll.tdf                                                                                  ; yes             ; Megafunction                       ; e:/altera/91sp2/quartus/libraries/megafunctions/altpll.tdf                                  ;
; db/altpll_hv32.tdf                                                                          ; yes             ; Auto-Generated Megafunction        ; E:/Quartus_FPGA/Sythesis_Caculator25_12_12/db/altpll_hv32.tdf                               ;
+---------------------------------------------------------------------------------------------+-----------------+------------------------------------+---------------------------------------------------------------------------------------------+


+----------------------------------------------------------------------------------------------------------------------+
; Analysis & Synthesis Resource Usage Summary                                                                          ;
+---------------------------------------------+------------------------------------------------------------------------+
; Resource                                    ; Usage                                                                  ;
+---------------------------------------------+------------------------------------------------------------------------+
; Estimated Total logic elements              ; 77                                                                     ;
;                                             ;                                                                        ;
; Total combinational functions               ; 76                                                                     ;
; Logic element usage by number of LUT inputs ;                                                                        ;
;     -- 4 input functions                    ; 32                                                                     ;
;     -- 3 input functions                    ; 21                                                                     ;
;     -- <=2 input functions                  ; 23                                                                     ;
;                                             ;                                                                        ;
; Logic elements by mode                      ;                                                                        ;
;     -- normal mode                          ; 67                                                                     ;
;     -- arithmetic mode                      ; 9                                                                      ;
;                                             ;                                                                        ;
; Total registers                             ; 27                                                                     ;
;     -- Dedicated logic registers            ; 27                                                                     ;
;     -- I/O registers                        ; 0                                                                      ;
;                                             ;                                                                        ;
; I/O pins                                    ; 21                                                                     ;
; Total PLLs                                  ; 1                                                                      ;
; Maximum fan-out node                        ; altpll0:inst|altpll:altpll_component|altpll_hv32:auto_generated|clk[0] ;
; Maximum fan-out                             ; 23                                                                     ;
; Total fan-out                               ; 321                                                                    ;
; Average fan-out                             ; 2.20                                                                   ;
+---------------------------------------------+------------------------------------------------------------------------+


+-----------------------------------------------------------------------------------------------------------------------------------------------------------------------------------------------------------------------------------------------------+
; Analysis & Synthesis Resource Utilization by Entity                                                                                                                                                                                                 ;
+---------------------------------------+-------------------+--------------+-------------+--------------+---------+-----------+------+--------------+----------------------------------------------------------------------------------+--------------+
; Compilation Hierarchy Node            ; LC Combinationals ; LC Registers ; Memory Bits ; DSP Elements ; DSP 9x9 ; DSP 18x18 ; Pins ; Virtual Pins ; Full Hierarchy Name                                                              ; Library Name ;
+---------------------------------------+-------------------+--------------+-------------+--------------+---------+-----------+------+--------------+----------------------------------------------------------------------------------+--------------+
; |Full_Calculator                      ; 76 (0)            ; 27 (0)       ; 0           ; 0            ; 0       ; 0         ; 21   ; 0            ; |Full_Calculator                                                                 ; work         ;
;    |Core_Calculator:inst3|            ; 57 (0)            ; 25 (0)       ; 0           ; 0            ; 0       ; 0         ; 0    ; 0            ; |Full_Calculator|Core_Calculator:inst3                                           ;              ;
;       |key:inst|                      ; 57 (0)            ; 25 (0)       ; 0           ; 0            ; 0       ; 0         ; 0    ; 0            ; |Full_Calculator|Core_Calculator:inst3|key:inst                                  ;              ;
;          |4BitRegister:inst5|         ; 0 (0)             ; 4 (4)        ; 0           ; 0            ; 0       ; 0         ; 0    ; 0            ; |Full_Calculator|Core_Calculator:inst3|key:inst|4BitRegister:inst5               ;              ;
;          |keyboard:inst1|             ; 57 (57)           ; 21 (21)      ; 0           ; 0            ; 0       ; 0         ; 0    ; 0            ; |Full_Calculator|Core_Calculator:inst3|key:inst|keyboard:inst1                   ;              ;
;    |altpll0:inst|                     ; 0 (0)             ; 0 (0)        ; 0           ; 0            ; 0       ; 0         ; 0    ; 0            ; |Full_Calculator|altpll0:inst                                                    ; work         ;
;       |altpll:altpll_component|       ; 0 (0)             ; 0 (0)        ; 0           ; 0            ; 0       ; 0         ; 0    ; 0            ; |Full_Calculator|altpll0:inst|altpll:altpll_component                            ; work         ;
;          |altpll_hv32:auto_generated| ; 0 (0)             ; 0 (0)        ; 0           ; 0            ; 0       ; 0         ; 0    ; 0            ; |Full_Calculator|altpll0:inst|altpll:altpll_component|altpll_hv32:auto_generated ; work         ;
;    |seg_decoder:inst1|                ; 19 (19)           ; 2 (2)        ; 0           ; 0            ; 0       ; 0         ; 0    ; 0            ; |Full_Calculator|seg_decoder:inst1                                               ; work         ;
+---------------------------------------+-------------------+--------------+-------------+--------------+---------+-----------+------+--------------+----------------------------------------------------------------------------------+--------------+
Note: For table entries with two numbers listed, the numbers in parentheses indicate the number of resources of the given type used by the specific entity alone. The numbers listed outside of parentheses indicate the total resources of the given type used by the specific entity and all of its sub-entities in the hierarchy.


Encoding Type:  One-Hot
+-----------------------------------------------------------------------------------------------------------------------------------------+
; State Machine - |Full_Calculator|Core_Calculator:inst3|key:inst|keyboard:inst1|pre_state                                                ;
+----------------------------+----------------------------+--------------------------+-------------------------+--------------------------+
; Name                       ; pre_state.wait_key_release ; pre_state.lock_key_value ; pre_state.stop_key_scan ; pre_state.wait_key_press ;
+----------------------------+----------------------------+--------------------------+-------------------------+--------------------------+
; pre_state.wait_key_press   ; 0                          ; 0                        ; 0                       ; 0                        ;
; pre_state.stop_key_scan    ; 0                          ; 0                        ; 1                       ; 1                        ;
; pre_state.lock_key_value   ; 0                          ; 1                        ; 0                       ; 1                        ;
; pre_state.wait_key_release ; 1                          ; 0                        ; 0                       ; 1                        ;
+----------------------------+----------------------------+--------------------------+-------------------------+--------------------------+


+----------------------------------------------------------------------------------------------------------------------+
; Registers Removed During Synthesis                                                                                   ;
+--------------------------------------------------------------------------+-------------------------------------------+
; Register name                                                            ; Reason for Removal                        ;
+--------------------------------------------------------------------------+-------------------------------------------+
; Core_Calculator:inst3|key:inst|keyboard:inst1|pre_state.wait_key_release ; Lost fanout                               ;
; Core_Calculator:inst3|key:inst|keyboard:inst1|reg_clk_div2[0]            ; Merged with seg_decoder:inst1|reg_scan[0] ;
; Core_Calculator:inst3|key:inst|keyboard:inst1|reg_clk_div2[1]            ; Merged with seg_decoder:inst1|reg_scan[1] ;
; Total Number of Removed Registers = 3                                    ;                                           ;
+--------------------------------------------------------------------------+-------------------------------------------+


+------------------------------------------------------+
; General Register Statistics                          ;
+----------------------------------------------+-------+
; Statistic                                    ; Value ;
+----------------------------------------------+-------+
; Total registers                              ; 27    ;
; Number of registers using Synchronous Clear  ; 0     ;
; Number of registers using Synchronous Load   ; 0     ;
; Number of registers using Asynchronous Clear ; 0     ;
; Number of registers using Asynchronous Load  ; 0     ;
; Number of registers using Clock Enable       ; 0     ;
; Number of registers using Preset             ; 0     ;
+----------------------------------------------+-------+


+------------------------------------------------------------------------------------------------------------------------------------------------------------------------------------------+
; Multiplexer Restructuring Statistics (Restructuring Performed)                                                                                                                           ;
+--------------------+-----------+---------------+----------------------+------------------------+------------+----------------------------------------------------------------------------+
; Multiplexer Inputs ; Bus Width ; Baseline Area ; Area if Restructured ; Saving if Restructured ; Registered ; Example Multiplexer Output                                                 ;
+--------------------+-----------+---------------+----------------------+------------------------+------------+----------------------------------------------------------------------------+
; 3:1                ; 4 bits    ; 8 LEs         ; 4 LEs                ; 4 LEs                  ; Yes        ; |Full_Calculator|Core_Calculator:inst3|key:inst|keyboard:inst1|reg_scan[3] ;
+--------------------+-----------+---------------+----------------------+------------------------+------------+----------------------------------------------------------------------------+


+--------------------------------------------------------------------------------------------+
; Parameter Settings for User Entity Instance: Core_Calculator:inst3|key:inst|keyboard:inst1 ;
+----------------+-------+-------------------------------------------------------------------+
; Parameter Name ; Value ; Type                                                              ;
+----------------+-------+-------------------------------------------------------------------+
; rotate         ; false ; Enumerated                                                        ;
; layout         ; 1     ; Signed Integer                                                    ;
+----------------+-------+-------------------------------------------------------------------+
Note: In order to hide this table in the UI and the text report file, please set the "Show Parameter Settings Tables in Synthesis Report" option in "Analysis and Synthesis Settings -> More Settings" to "Off".


+-----------------------------------------------------------------------------------+
; Parameter Settings for User Entity Instance: altpll0:inst|altpll:altpll_component ;
+-------------------------------+-------------------+-------------------------------+
; Parameter Name                ; Value             ; Type                          ;
+-------------------------------+-------------------+-------------------------------+
; OPERATION_MODE                ; NORMAL            ; Untyped                       ;
; PLL_TYPE                      ; AUTO              ; Untyped                       ;
; QUALIFY_CONF_DONE             ; OFF               ; Untyped                       ;
; COMPENSATE_CLOCK              ; CLK0              ; Untyped                       ;
; SCAN_CHAIN                    ; LONG              ; Untyped                       ;
; PRIMARY_CLOCK                 ; INCLK0            ; Untyped                       ;
; INCLK0_INPUT_FREQUENCY        ; 20000             ; Signed Integer                ;
; INCLK1_INPUT_FREQUENCY        ; 0                 ; Untyped                       ;
; GATE_LOCK_SIGNAL              ; NO                ; Untyped                       ;
; GATE_LOCK_COUNTER             ; 0                 ; Untyped                       ;
; LOCK_HIGH                     ; 1                 ; Untyped                       ;
; LOCK_LOW                      ; 1                 ; Untyped                       ;
; VALID_LOCK_MULTIPLIER         ; 1                 ; Untyped                       ;
; INVALID_LOCK_MULTIPLIER       ; 5                 ; Untyped                       ;
; SWITCH_OVER_ON_LOSSCLK        ; OFF               ; Untyped                       ;
; SWITCH_OVER_ON_GATED_LOCK     ; OFF               ; Untyped                       ;
; ENABLE_SWITCH_OVER_COUNTER    ; OFF               ; Untyped                       ;
; SKIP_VCO                      ; OFF               ; Untyped                       ;
; SWITCH_OVER_COUNTER           ; 0                 ; Untyped                       ;
; SWITCH_OVER_TYPE              ; AUTO              ; Untyped                       ;
; FEEDBACK_SOURCE               ; EXTCLK0           ; Untyped                       ;
; BANDWIDTH                     ; 0                 ; Untyped                       ;
; BANDWIDTH_TYPE                ; AUTO              ; Untyped                       ;
; SPREAD_FREQUENCY              ; 0                 ; Untyped                       ;
; DOWN_SPREAD                   ; 0                 ; Untyped                       ;
; SELF_RESET_ON_GATED_LOSS_LOCK ; OFF               ; Untyped                       ;
; SELF_RESET_ON_LOSS_LOCK       ; OFF               ; Untyped                       ;
; CLK9_MULTIPLY_BY              ; 0                 ; Untyped                       ;
; CLK8_MULTIPLY_BY              ; 0                 ; Untyped                       ;
; CLK7_MULTIPLY_BY              ; 0                 ; Untyped                       ;
; CLK6_MULTIPLY_BY              ; 0                 ; Untyped                       ;
; CLK5_MULTIPLY_BY              ; 1                 ; Untyped                       ;
; CLK4_MULTIPLY_BY              ; 1                 ; Untyped                       ;
; CLK3_MULTIPLY_BY              ; 1                 ; Untyped                       ;
; CLK2_MULTIPLY_BY              ; 1                 ; Untyped                       ;
; CLK1_MULTIPLY_BY              ; 1                 ; Untyped                       ;
; CLK0_MULTIPLY_BY              ; 1                 ; Signed Integer                ;
; CLK9_DIVIDE_BY                ; 0                 ; Untyped                       ;
; CLK8_DIVIDE_BY                ; 0                 ; Untyped                       ;
; CLK7_DIVIDE_BY                ; 0                 ; Untyped                       ;
; CLK6_DIVIDE_BY                ; 0                 ; Untyped                       ;
; CLK5_DIVIDE_BY                ; 1                 ; Untyped                       ;
; CLK4_DIVIDE_BY                ; 1                 ; Untyped                       ;
; CLK3_DIVIDE_BY                ; 1                 ; Untyped                       ;
; CLK2_DIVIDE_BY                ; 1                 ; Untyped                       ;
; CLK1_DIVIDE_BY                ; 1                 ; Untyped                       ;
; CLK0_DIVIDE_BY                ; 5000              ; Signed Integer                ;
; CLK9_PHASE_SHIFT              ; 0                 ; Untyped                       ;
; CLK8_PHASE_SHIFT              ; 0                 ; Untyped                       ;
; CLK7_PHASE_SHIFT              ; 0                 ; Untyped                       ;
; CLK6_PHASE_SHIFT              ; 0                 ; Untyped                       ;
; CLK5_PHASE_SHIFT              ; 0                 ; Untyped                       ;
; CLK4_PHASE_SHIFT              ; 0                 ; Untyped                       ;
; CLK3_PHASE_SHIFT              ; 0                 ; Untyped                       ;
; CLK2_PHASE_SHIFT              ; 0                 ; Untyped                       ;
; CLK1_PHASE_SHIFT              ; 0                 ; Untyped                       ;
; CLK0_PHASE_SHIFT              ; 0                 ; Untyped                       ;
; CLK5_TIME_DELAY               ; 0                 ; Untyped                       ;
; CLK4_TIME_DELAY               ; 0                 ; Untyped                       ;
; CLK3_TIME_DELAY               ; 0                 ; Untyped                       ;
; CLK2_TIME_DELAY               ; 0                 ; Untyped                       ;
; CLK1_TIME_DELAY               ; 0                 ; Untyped                       ;
; CLK0_TIME_DELAY               ; 0                 ; Untyped                       ;
; CLK9_DUTY_CYCLE               ; 50                ; Untyped                       ;
; CLK8_DUTY_CYCLE               ; 50                ; Untyped                       ;
; CLK7_DUTY_CYCLE               ; 50                ; Untyped                       ;
; CLK6_DUTY_CYCLE               ; 50                ; Untyped                       ;
; CLK5_DUTY_CYCLE               ; 50                ; Untyped                       ;
; CLK4_DUTY_CYCLE               ; 50                ; Untyped                       ;
; CLK3_DUTY_CYCLE               ; 50                ; Untyped                       ;
; CLK2_DUTY_CYCLE               ; 50                ; Untyped                       ;
; CLK1_DUTY_CYCLE               ; 50                ; Untyped                       ;
; CLK0_DUTY_CYCLE               ; 50                ; Signed Integer                ;
; CLK9_USE_EVEN_COUNTER_MODE    ; OFF               ; Untyped                       ;
; CLK8_USE_EVEN_COUNTER_MODE    ; OFF               ; Untyped                       ;
; CLK7_USE_EVEN_COUNTER_MODE    ; OFF               ; Untyped                       ;
; CLK6_USE_EVEN_COUNTER_MODE    ; OFF               ; Untyped                       ;
; CLK5_USE_EVEN_COUNTER_MODE    ; OFF               ; Untyped                       ;
; CLK4_USE_EVEN_COUNTER_MODE    ; OFF               ; Untyped                       ;
; CLK3_USE_EVEN_COUNTER_MODE    ; OFF               ; Untyped                       ;
; CLK2_USE_EVEN_COUNTER_MODE    ; OFF               ; Untyped                       ;
; CLK1_USE_EVEN_COUNTER_MODE    ; OFF               ; Untyped                       ;
; CLK0_USE_EVEN_COUNTER_MODE    ; OFF               ; Untyped                       ;
; CLK9_USE_EVEN_COUNTER_VALUE   ; OFF               ; Untyped                       ;
; CLK8_USE_EVEN_COUNTER_VALUE   ; OFF               ; Untyped                       ;
; CLK7_USE_EVEN_COUNTER_VALUE   ; OFF               ; Untyped                       ;
; CLK6_USE_EVEN_COUNTER_VALUE   ; OFF               ; Untyped                       ;
; CLK5_USE_EVEN_COUNTER_VALUE   ; OFF               ; Untyped                       ;
; CLK4_USE_EVEN_COUNTER_VALUE   ; OFF               ; Untyped                       ;
; CLK3_USE_EVEN_COUNTER_VALUE   ; OFF               ; Untyped                       ;
; CLK2_USE_EVEN_COUNTER_VALUE   ; OFF               ; Untyped                       ;
; CLK1_USE_EVEN_COUNTER_VALUE   ; OFF               ; Untyped                       ;
; CLK0_USE_EVEN_COUNTER_VALUE   ; OFF               ; Untyped                       ;
; LOCK_WINDOW_UI                ;  0.05             ; Untyped                       ;
; LOCK_WINDOW_UI_BITS           ; UNUSED            ; Untyped                       ;
; VCO_RANGE_DETECTOR_LOW_BITS   ; UNUSED            ; Untyped                       ;
; VCO_RANGE_DETECTOR_HIGH_BITS  ; UNUSED            ; Untyped                       ;
; DPA_MULTIPLY_BY               ; 0                 ; Untyped                       ;
; DPA_DIVIDE_BY                 ; 1                 ; Untyped                       ;
; DPA_DIVIDER                   ; 0                 ; Untyped                       ;
; EXTCLK3_MULTIPLY_BY           ; 1                 ; Untyped                       ;
; EXTCLK2_MULTIPLY_BY           ; 1                 ; Untyped                       ;
; EXTCLK1_MULTIPLY_BY           ; 1                 ; Untyped                       ;
; EXTCLK0_MULTIPLY_BY           ; 1                 ; Untyped                       ;
; EXTCLK3_DIVIDE_BY             ; 1                 ; Untyped                       ;
; EXTCLK2_DIVIDE_BY             ; 1                 ; Untyped                       ;
; EXTCLK1_DIVIDE_BY             ; 1                 ; Untyped                       ;
; EXTCLK0_DIVIDE_BY             ; 1                 ; Untyped                       ;
; EXTCLK3_PHASE_SHIFT           ; 0                 ; Untyped                       ;
; EXTCLK2_PHASE_SHIFT           ; 0                 ; Untyped                       ;
; EXTCLK1_PHASE_SHIFT           ; 0                 ; Untyped                       ;
; EXTCLK0_PHASE_SHIFT           ; 0                 ; Untyped                       ;
; EXTCLK3_TIME_DELAY            ; 0                 ; Untyped                       ;
; EXTCLK2_TIME_DELAY            ; 0                 ; Untyped                       ;
; EXTCLK1_TIME_DELAY            ; 0                 ; Untyped                       ;
; EXTCLK0_TIME_DELAY            ; 0                 ; Untyped                       ;
; EXTCLK3_DUTY_CYCLE            ; 50                ; Untyped                       ;
; EXTCLK2_DUTY_CYCLE            ; 50                ; Untyped                       ;
; EXTCLK1_DUTY_CYCLE            ; 50                ; Untyped                       ;
; EXTCLK0_DUTY_CYCLE            ; 50                ; Untyped                       ;
; VCO_MULTIPLY_BY               ; 0                 ; Untyped                       ;
; VCO_DIVIDE_BY                 ; 0                 ; Untyped                       ;
; SCLKOUT0_PHASE_SHIFT          ; 0                 ; Untyped                       ;
; SCLKOUT1_PHASE_SHIFT          ; 0                 ; Untyped                       ;
; VCO_MIN                       ; 0                 ; Untyped                       ;
; VCO_MAX                       ; 0                 ; Untyped                       ;
; VCO_CENTER                    ; 0                 ; Untyped                       ;
; PFD_MIN                       ; 0                 ; Untyped                       ;
; PFD_MAX                       ; 0                 ; Untyped                       ;
; M_INITIAL                     ; 0                 ; Untyped                       ;
; M                             ; 0                 ; Untyped                       ;
; N                             ; 1                 ; Untyped                       ;
; M2                            ; 1                 ; Untyped                       ;
; N2                            ; 1                 ; Untyped                       ;
; SS                            ; 1                 ; Untyped                       ;
; C0_HIGH                       ; 0                 ; Untyped                       ;
; C1_HIGH                       ; 0                 ; Untyped                       ;
; C2_HIGH                       ; 0                 ; Untyped                       ;
; C3_HIGH                       ; 0                 ; Untyped                       ;
; C4_HIGH                       ; 0                 ; Untyped                       ;
; C5_HIGH                       ; 0                 ; Untyped                       ;
; C6_HIGH                       ; 0                 ; Untyped                       ;
; C7_HIGH                       ; 0                 ; Untyped                       ;
; C8_HIGH                       ; 0                 ; Untyped                       ;
; C9_HIGH                       ; 0                 ; Untyped                       ;
; C0_LOW                        ; 0                 ; Untyped                       ;
; C1_LOW                        ; 0                 ; Untyped                       ;
; C2_LOW                        ; 0                 ; Untyped                       ;
; C3_LOW                        ; 0                 ; Untyped                       ;
; C4_LOW                        ; 0                 ; Untyped                       ;
; C5_LOW                        ; 0                 ; Untyped                       ;
; C6_LOW                        ; 0                 ; Untyped                       ;
; C7_LOW                        ; 0                 ; Untyped                       ;
; C8_LOW                        ; 0                 ; Untyped                       ;
; C9_LOW                        ; 0                 ; Untyped                       ;
; C0_INITIAL                    ; 0                 ; Untyped                       ;
; C1_INITIAL                    ; 0                 ; Untyped                       ;
; C2_INITIAL                    ; 0                 ; Untyped                       ;
; C3_INITIAL                    ; 0                 ; Untyped                       ;
; C4_INITIAL                    ; 0                 ; Untyped                       ;
; C5_INITIAL                    ; 0                 ; Untyped                       ;
; C6_INITIAL                    ; 0                 ; Untyped                       ;
; C7_INITIAL                    ; 0                 ; Untyped                       ;
; C8_INITIAL                    ; 0                 ; Untyped                       ;
; C9_INITIAL                    ; 0                 ; Untyped                       ;
; C0_MODE                       ; BYPASS            ; Untyped                       ;
; C1_MODE                       ; BYPASS            ; Untyped                       ;
; C2_MODE                       ; BYPASS            ; Untyped                       ;
; C3_MODE                       ; BYPASS            ; Untyped                       ;
; C4_MODE                       ; BYPASS            ; Untyped                       ;
; C5_MODE                       ; BYPASS            ; Untyped                       ;
; C6_MODE                       ; BYPASS            ; Untyped                       ;
; C7_MODE                       ; BYPASS            ; Untyped                       ;
; C8_MODE                       ; BYPASS            ; Untyped                       ;
; C9_MODE                       ; BYPASS            ; Untyped                       ;
; C0_PH                         ; 0                 ; Untyped                       ;
; C1_PH                         ; 0                 ; Untyped                       ;
; C2_PH                         ; 0                 ; Untyped                       ;
; C3_PH                         ; 0                 ; Untyped                       ;
; C4_PH                         ; 0                 ; Untyped                       ;
; C5_PH                         ; 0                 ; Untyped                       ;
; C6_PH                         ; 0                 ; Untyped                       ;
; C7_PH                         ; 0                 ; Untyped                       ;
; C8_PH                         ; 0                 ; Untyped                       ;
; C9_PH                         ; 0                 ; Untyped                       ;
; L0_HIGH                       ; 1                 ; Untyped                       ;
; L1_HIGH                       ; 1                 ; Untyped                       ;
; G0_HIGH                       ; 1                 ; Untyped                       ;
; G1_HIGH                       ; 1                 ; Untyped                       ;
; G2_HIGH                       ; 1                 ; Untyped                       ;
; G3_HIGH                       ; 1                 ; Untyped                       ;
; E0_HIGH                       ; 1                 ; Untyped                       ;
; E1_HIGH                       ; 1                 ; Untyped                       ;
; E2_HIGH                       ; 1                 ; Untyped                       ;
; E3_HIGH                       ; 1                 ; Untyped                       ;
; L0_LOW                        ; 1                 ; Untyped                       ;
; L1_LOW                        ; 1                 ; Untyped                       ;
; G0_LOW                        ; 1                 ; Untyped                       ;
; G1_LOW                        ; 1                 ; Untyped                       ;
; G2_LOW                        ; 1                 ; Untyped                       ;
; G3_LOW                        ; 1                 ; Untyped                       ;
; E0_LOW                        ; 1                 ; Untyped                       ;
; E1_LOW                        ; 1                 ; Untyped                       ;
; E2_LOW                        ; 1                 ; Untyped                       ;
; E3_LOW                        ; 1                 ; Untyped                       ;
; L0_INITIAL                    ; 1                 ; Untyped                       ;
; L1_INITIAL                    ; 1                 ; Untyped                       ;
; G0_INITIAL                    ; 1                 ; Untyped                       ;
; G1_INITIAL                    ; 1                 ; Untyped                       ;
; G2_INITIAL                    ; 1                 ; Untyped                       ;
; G3_INITIAL                    ; 1                 ; Untyped                       ;
; E0_INITIAL                    ; 1                 ; Untyped                       ;
; E1_INITIAL                    ; 1                 ; Untyped                       ;
; E2_INITIAL                    ; 1                 ; Untyped                       ;
; E3_INITIAL                    ; 1                 ; Untyped                       ;
; L0_MODE                       ; BYPASS            ; Untyped                       ;
; L1_MODE                       ; BYPASS            ; Untyped                       ;
; G0_MODE                       ; BYPASS            ; Untyped                       ;
; G1_MODE                       ; BYPASS            ; Untyped                       ;
; G2_MODE                       ; BYPASS            ; Untyped                       ;
; G3_MODE                       ; BYPASS            ; Untyped                       ;
; E0_MODE                       ; BYPASS            ; Untyped                       ;
; E1_MODE                       ; BYPASS            ; Untyped                       ;
; E2_MODE                       ; BYPASS            ; Untyped                       ;
; E3_MODE                       ; BYPASS            ; Untyped                       ;
; L0_PH                         ; 0                 ; Untyped                       ;
; L1_PH                         ; 0                 ; Untyped                       ;
; G0_PH                         ; 0                 ; Untyped                       ;
; G1_PH                         ; 0                 ; Untyped                       ;
; G2_PH                         ; 0                 ; Untyped                       ;
; G3_PH                         ; 0                 ; Untyped                       ;
; E0_PH                         ; 0                 ; Untyped                       ;
; E1_PH                         ; 0                 ; Untyped                       ;
; E2_PH                         ; 0                 ; Untyped                       ;
; E3_PH                         ; 0                 ; Untyped                       ;
; M_PH                          ; 0                 ; Untyped                       ;
; C1_USE_CASC_IN                ; OFF               ; Untyped                       ;
; C2_USE_CASC_IN                ; OFF               ; Untyped                       ;
; C3_USE_CASC_IN                ; OFF               ; Untyped                       ;
; C4_USE_CASC_IN                ; OFF               ; Untyped                       ;
; C5_USE_CASC_IN                ; OFF               ; Untyped                       ;
; C6_USE_CASC_IN                ; OFF               ; Untyped                       ;
; C7_USE_CASC_IN                ; OFF               ; Untyped                       ;
; C8_USE_CASC_IN                ; OFF               ; Untyped                       ;
; C9_USE_CASC_IN                ; OFF               ; Untyped                       ;
; CLK0_COUNTER                  ; G0                ; Untyped                       ;
; CLK1_COUNTER                  ; G0                ; Untyped                       ;
; CLK2_COUNTER                  ; G0                ; Untyped                       ;
; CLK3_COUNTER                  ; G0                ; Untyped                       ;
; CLK4_COUNTER                  ; G0                ; Untyped                       ;
; CLK5_COUNTER                  ; G0                ; Untyped                       ;
; CLK6_COUNTER                  ; E0                ; Untyped                       ;
; CLK7_COUNTER                  ; E1                ; Untyped                       ;
; CLK8_COUNTER                  ; E2                ; Untyped                       ;
; CLK9_COUNTER                  ; E3                ; Untyped                       ;
; L0_TIME_DELAY                 ; 0                 ; Untyped                       ;
; L1_TIME_DELAY                 ; 0                 ; Untyped                       ;
; G0_TIME_DELAY                 ; 0                 ; Untyped                       ;
; G1_TIME_DELAY                 ; 0                 ; Untyped                       ;
; G2_TIME_DELAY                 ; 0                 ; Untyped                       ;
; G3_TIME_DELAY                 ; 0                 ; Untyped                       ;
; E0_TIME_DELAY                 ; 0                 ; Untyped                       ;
; E1_TIME_DELAY                 ; 0                 ; Untyped                       ;
; E2_TIME_DELAY                 ; 0                 ; Untyped                       ;
; E3_TIME_DELAY                 ; 0                 ; Untyped                       ;
; M_TIME_DELAY                  ; 0                 ; Untyped                       ;
; N_TIME_DELAY                  ; 0                 ; Untyped                       ;
; EXTCLK3_COUNTER               ; E3                ; Untyped                       ;
; EXTCLK2_COUNTER               ; E2                ; Untyped                       ;
; EXTCLK1_COUNTER               ; E1                ; Untyped                       ;
; EXTCLK0_COUNTER               ; E0                ; Untyped                       ;
; ENABLE0_COUNTER               ; L0                ; Untyped                       ;
; ENABLE1_COUNTER               ; L0                ; Untyped                       ;
; CHARGE_PUMP_CURRENT           ; 2                 ; Untyped                       ;
; LOOP_FILTER_R                 ;  1.000000         ; Untyped                       ;
; LOOP_FILTER_C                 ; 5                 ; Untyped                       ;
; CHARGE_PUMP_CURRENT_BITS      ; 9999              ; Untyped                       ;
; LOOP_FILTER_R_BITS            ; 9999              ; Untyped                       ;
; LOOP_FILTER_C_BITS            ; 9999              ; Untyped                       ;
; VCO_POST_SCALE                ; 0                 ; Untyped                       ;
; CLK2_OUTPUT_FREQUENCY         ; 0                 ; Untyped                       ;
; CLK1_OUTPUT_FREQUENCY         ; 0                 ; Untyped                       ;
; CLK0_OUTPUT_FREQUENCY         ; 0                 ; Untyped                       ;
; INTENDED_DEVICE_FAMILY        ; Cyclone IV E      ; Untyped                       ;
; PORT_CLKENA0                  ; PORT_UNUSED       ; Untyped                       ;
; PORT_CLKENA1                  ; PORT_UNUSED       ; Untyped                       ;
; PORT_CLKENA2                  ; PORT_UNUSED       ; Untyped                       ;
; PORT_CLKENA3                  ; PORT_UNUSED       ; Untyped                       ;
; PORT_CLKENA4                  ; PORT_UNUSED       ; Untyped                       ;
; PORT_CLKENA5                  ; PORT_UNUSED       ; Untyped                       ;
; PORT_EXTCLKENA0               ; PORT_CONNECTIVITY ; Untyped                       ;
; PORT_EXTCLKENA1               ; PORT_CONNECTIVITY ; Untyped                       ;
; PORT_EXTCLKENA2               ; PORT_CONNECTIVITY ; Untyped                       ;
; PORT_EXTCLKENA3               ; PORT_CONNECTIVITY ; Untyped                       ;
; PORT_EXTCLK0                  ; PORT_UNUSED       ; Untyped                       ;
; PORT_EXTCLK1                  ; PORT_UNUSED       ; Untyped                       ;
; PORT_EXTCLK2                  ; PORT_UNUSED       ; Untyped                       ;
; PORT_EXTCLK3                  ; PORT_UNUSED       ; Untyped                       ;
; PORT_CLKBAD0                  ; PORT_UNUSED       ; Untyped                       ;
; PORT_CLKBAD1                  ; PORT_UNUSED       ; Untyped                       ;
; PORT_CLK0                     ; PORT_USED         ; Untyped                       ;
; PORT_CLK1                     ; PORT_UNUSED       ; Untyped                       ;
; PORT_CLK2                     ; PORT_UNUSED       ; Untyped                       ;
; PORT_CLK3                     ; PORT_UNUSED       ; Untyped                       ;
; PORT_CLK4                     ; PORT_UNUSED       ; Untyped                       ;
; PORT_CLK5                     ; PORT_UNUSED       ; Untyped                       ;
; PORT_CLK6                     ; PORT_UNUSED       ; Untyped                       ;
; PORT_CLK7                     ; PORT_UNUSED       ; Untyped                       ;
; PORT_CLK8                     ; PORT_UNUSED       ; Untyped                       ;
; PORT_CLK9                     ; PORT_UNUSED       ; Untyped                       ;
; PORT_SCANDATA                 ; PORT_UNUSED       ; Untyped                       ;
; PORT_SCANDATAOUT              ; PORT_UNUSED       ; Untyped                       ;
; PORT_SCANDONE                 ; PORT_UNUSED       ; Untyped                       ;
; PORT_SCLKOUT1                 ; PORT_CONNECTIVITY ; Untyped                       ;
; PORT_SCLKOUT0                 ; PORT_CONNECTIVITY ; Untyped                       ;
; PORT_ACTIVECLOCK              ; PORT_UNUSED       ; Untyped                       ;
; PORT_CLKLOSS                  ; PORT_UNUSED       ; Untyped                       ;
; PORT_INCLK1                   ; PORT_UNUSED       ; Untyped                       ;
; PORT_INCLK0                   ; PORT_USED         ; Untyped                       ;
; PORT_FBIN                     ; PORT_UNUSED       ; Untyped                       ;
; PORT_PLLENA                   ; PORT_UNUSED       ; Untyped                       ;
; PORT_CLKSWITCH                ; PORT_UNUSED       ; Untyped                       ;
; PORT_ARESET                   ; PORT_UNUSED       ; Untyped                       ;
; PORT_PFDENA                   ; PORT_UNUSED       ; Untyped                       ;
; PORT_SCANCLK                  ; PORT_UNUSED       ; Untyped                       ;
; PORT_SCANACLR                 ; PORT_UNUSED       ; Untyped                       ;
; PORT_SCANREAD                 ; PORT_UNUSED       ; Untyped                       ;
; PORT_SCANWRITE                ; PORT_UNUSED       ; Untyped                       ;
; PORT_ENABLE0                  ; PORT_CONNECTIVITY ; Untyped                       ;
; PORT_ENABLE1                  ; PORT_CONNECTIVITY ; Untyped                       ;
; PORT_LOCKED                   ; PORT_UNUSED       ; Untyped                       ;
; PORT_CONFIGUPDATE             ; PORT_UNUSED       ; Untyped                       ;
; PORT_FBOUT                    ; PORT_CONNECTIVITY ; Untyped                       ;
; PORT_PHASEDONE                ; PORT_UNUSED       ; Untyped                       ;
; PORT_PHASESTEP                ; PORT_UNUSED       ; Untyped                       ;
; PORT_PHASEUPDOWN              ; PORT_UNUSED       ; Untyped                       ;
; PORT_SCANCLKENA               ; PORT_UNUSED       ; Untyped                       ;
; PORT_PHASECOUNTERSELECT       ; PORT_UNUSED       ; Untyped                       ;
; PORT_VCOOVERRANGE             ; PORT_CONNECTIVITY ; Untyped                       ;
; PORT_VCOUNDERRANGE            ; PORT_CONNECTIVITY ; Untyped                       ;
; M_TEST_SOURCE                 ; 5                 ; Untyped                       ;
; C0_TEST_SOURCE                ; 5                 ; Untyped                       ;
; C1_TEST_SOURCE                ; 5                 ; Untyped                       ;
; C2_TEST_SOURCE                ; 5                 ; Untyped                       ;
; C3_TEST_SOURCE                ; 5                 ; Untyped                       ;
; C4_TEST_SOURCE                ; 5                 ; Untyped                       ;
; C5_TEST_SOURCE                ; 5                 ; Untyped                       ;
; C6_TEST_SOURCE                ; 5                 ; Untyped                       ;
; C7_TEST_SOURCE                ; 5                 ; Untyped                       ;
; C8_TEST_SOURCE                ; 5                 ; Untyped                       ;
; C9_TEST_SOURCE                ; 5                 ; Untyped                       ;
; CBXI_PARAMETER                ; altpll_hv32       ; Untyped                       ;
; VCO_FREQUENCY_CONTROL         ; AUTO              ; Untyped                       ;
; VCO_PHASE_SHIFT_STEP          ; 0                 ; Untyped                       ;
; WIDTH_CLOCK                   ; 5                 ; Signed Integer                ;
; WIDTH_PHASECOUNTERSELECT      ; 4                 ; Untyped                       ;
; USING_FBMIMICBIDIR_PORT       ; OFF               ; Untyped                       ;
; DEVICE_FAMILY                 ; Cyclone IV E      ; Untyped                       ;
; SCAN_CHAIN_MIF_FILE           ; UNUSED            ; Untyped                       ;
; SIM_GATE_LOCK_DEVICE_BEHAVIOR ; OFF               ; Untyped                       ;
; AUTO_CARRY_CHAINS             ; ON                ; AUTO_CARRY                    ;
; IGNORE_CARRY_BUFFERS          ; OFF               ; IGNORE_CARRY                  ;
; AUTO_CASCADE_CHAINS           ; ON                ; AUTO_CASCADE                  ;
; IGNORE_CASCADE_BUFFERS        ; OFF               ; IGNORE_CASCADE                ;
+-------------------------------+-------------------+-------------------------------+
Note: In order to hide this table in the UI and the text report file, please set the "Show Parameter Settings Tables in Synthesis Report" option in "Analysis and Synthesis Settings -> More Settings" to "Off".


+----------------------------------------------------------------+
; Parameter Settings for User Entity Instance: seg_decoder:inst1 ;
+----------------+-------+---------------------------------------+
; Parameter Name ; Value ; Type                                  ;
+----------------+-------+---------------------------------------+
; is_anode       ; false ; Enumerated                            ;
+----------------+-------+---------------------------------------+
Note: In order to hide this table in the UI and the text report file, please set the "Show Parameter Settings Tables in Synthesis Report" option in "Analysis and Synthesis Settings -> More Settings" to "Off".


+----------------------------------------------------------------------+
; altpll Parameter Settings by Entity Instance                         ;
+-------------------------------+--------------------------------------+
; Name                          ; Value                                ;
+-------------------------------+--------------------------------------+
; Number of entity instances    ; 1                                    ;
; Entity Instance               ; altpll0:inst|altpll:altpll_component ;
;     -- OPERATION_MODE         ; NORMAL                               ;
;     -- PLL_TYPE               ; AUTO                                 ;
;     -- PRIMARY_CLOCK          ; INCLK0                               ;
;     -- INCLK0_INPUT_FREQUENCY ; 20000                                ;
;     -- INCLK1_INPUT_FREQUENCY ; 0                                    ;
;     -- VCO_MULTIPLY_BY        ; 0                                    ;
;     -- VCO_DIVIDE_BY          ; 0                                    ;
+-------------------------------+--------------------------------------+


+-------------------------------+
; Analysis & Synthesis Messages ;
+-------------------------------+
Info: *******************************************************************
Info: Running Quartus II Analysis & Synthesis
    Info: Version 9.1 Build 350 03/24/2010 Service Pack 2 SJ Web Edition
    Info: Processing started: Mon Dec 15 22:06:37 2025
Info: Command: quartus_map --read_settings_files=on --write_settings_files=off Sythesis_Caculator25_12_12 -c Sythesis_Caculator25_12_12
Info: Found 1 design units, including 1 entities, in source file key.bdf
    Info: Found entity 1: key
Info: Found 2 design units, including 1 entities, in source file c:/users/huawei/desktop/简易计算器键盘和时钟模块2025年/板载50m晶振产生10khz时钟/altpll0.vhd
    Info: Found design unit 1: altpll0-SYN
    Info: Found entity 1: altpll0
Info: Found 2 design units, including 1 entities, in source file c:/users/huawei/desktop/简易计算器键盘和时钟模块2025年/键盘和显示模块/keyboard.vhd
    Info: Found design unit 1: keyboard-behavior_keyboard
    Info: Found entity 1: keyboard
Info: Found 2 design units, including 1 entities, in source file c:/users/huawei/desktop/简易计算器键盘和时钟模块2025年/键盘和显示模块/seg_decoder.vhd
    Info: Found design unit 1: seg_decoder-behavior_seg_decoder
    Info: Found entity 1: seg_decoder
Info: Found 1 design units, including 1 entities, in source file /quartus_fpga/bcd_calculator25_11_11/1bitfulladder.bdf
    Info: Found entity 1: 1BitFullAdder
Info: Found 1 design units, including 1 entities, in source file /quartus_fpga/bcd_calculator25_11_11/1bithalfadder.bdf
    Info: Found entity 1: 1BitHalfAdder
Info: Found 1 design units, including 1 entities, in source file /quartus_fpga/bcd_calculator25_11_11/4bitfulladder.bdf
    Info: Found entity 1: 4BitFullAdder
Info: Found 1 design units, including 1 entities, in source file /quartus_fpga/bcd_calculator25_11_11/bcd_calculator.bdf
    Info: Found entity 1: BCD_Calculator
Info: Found 1 design units, including 1 entities, in source file /quartus_fpga/bcd_calculator25_11_11/4bitfulladderultra.bdf
    Info: Found entity 1: 4BitFullAdderUltra
Info: Found 1 design units, including 1 entities, in source file /quartus_fpga/bcd_calculator25_11_11/4bitfullsubtractor.bdf
    Info: Found entity 1: 4BitFullSubtractor
Info: Found 1 design units, including 1 entities, in source file 4bitmulti.bdf
    Info: Found entity 1: 4BitMulti
Info: Found 1 design units, including 1 entities, in source file 8bitregister.bdf
    Info: Found entity 1: 8BitRegister
Info: Found 1 design units, including 1 entities, in source file 74138formulti.bdf
    Info: Found entity 1: 74138forMulti
Info: Found 1 design units, including 1 entities, in source file 4bitregister.bdf
    Info: Found entity 1: 4BitRegister
Info: Found 1 design units, including 1 entities, in source file 4bitregister_locked.bdf
    Info: Found entity 1: 4BitRegister_locked
Info: Found 1 design units, including 1 entities, in source file 8bitregister_locked.bdf
    Info: Found entity 1: 8BitRegister_Locked
Info: Found 3 design units, including 1 entities, in source file multiple.vhd
    Info: Found design unit 1: bcd_mult4x4-behavioral
    Info: Found design unit 2: bcd_mult4x4-simple
    Info: Found entity 1: bcd_mult4x4
Info: Found 1 design units, including 1 entities, in source file full_calculator.bdf
    Info: Found entity 1: Full_Calculator
Info: Found 1 design units, including 1 entities, in source file core_calculator.bdf
    Info: Found entity 1: Core_Calculator
Info: Found 3 design units, including 1 entities, in source file bcd_multiple.vhd
    Info: Found design unit 1: bcd_multiplier-behavioral
    Info: Found design unit 2: bcd_multiplier-simple
    Info: Found entity 1: bcd_multiplier
Info: Found 4 design units, including 1 entities, in source file 4bitreg_lock.vhd
    Info: Found design unit 1: latch_4bit_separate-behavioral
    Info: Found design unit 2: latch_4bit_separate-simple
    Info: Found design unit 3: latch_4bit_separate-usage_example
    Info: Found entity 1: latch_4bit_separate
Info: Found 4 design units, including 1 entities, in source file 8bitreg_lock.vhd
    Info: Found design unit 1: latch_8bit_separate-behavioral
    Info: Found design unit 2: latch_8bit_separate-simple
    Info: Found design unit 3: latch_8bit_separate-compact
    Info: Found entity 1: latch_8bit_separate
Info: Found 1 design units, including 1 entities, in source file my_or5.v
    Info: Found entity 1: my_or5
Info: Elaborating entity "Full_Calculator" for the top level hierarchy
Info: Elaborating entity "Core_Calculator" for hierarchy "Core_Calculator:inst3"
Info: Elaborating entity "latch_4bit_separate" for hierarchy "Core_Calculator:inst3|latch_4bit_separate:inst66"
Warning (10873): Using initial value X (don't care) for net "dout0" at 4bitreg_lock.vhd(19)
Warning (10873): Using initial value X (don't care) for net "dout1" at 4bitreg_lock.vhd(20)
Warning (10873): Using initial value X (don't care) for net "dout2" at 4bitreg_lock.vhd(21)
Warning (10873): Using initial value X (don't care) for net "dout3" at 4bitreg_lock.vhd(22)
Info: Elaborating entity "key" for hierarchy "Core_Calculator:inst3|key:inst"
Warning: Pin "row[3..0]" is missing source
Info: Elaborating entity "4BitRegister" for hierarchy "Core_Calculator:inst3|key:inst|4BitRegister:inst5"
Info: Elaborating entity "keyboard" for hierarchy "Core_Calculator:inst3|key:inst|keyboard:inst1"
Info: Elaborating entity "8BitRegister" for hierarchy "Core_Calculator:inst3|key:inst|8BitRegister:inst3"
Info: Elaborating entity "bcd_multiplier" for hierarchy "Core_Calculator:inst3|bcd_multiplier:inst22"
Info: Elaborating entity "latch_8bit_separate" for hierarchy "Core_Calculator:inst3|latch_8bit_separate:inst67"
Warning (10631): VHDL Process Statement warning at 8bitreg_lock.vhd(273): inferring latch(es) for signal or variable "q", which holds its previous value in one or more paths through the process
Info (10041): Inferred latch for "q[7]" at 8bitreg_lock.vhd(273)
Info (10041): Inferred latch for "q[6]" at 8bitreg_lock.vhd(273)
Info (10041): Inferred latch for "q[5]" at 8bitreg_lock.vhd(273)
Info (10041): Inferred latch for "q[4]" at 8bitreg_lock.vhd(273)
Info (10041): Inferred latch for "q[3]" at 8bitreg_lock.vhd(273)
Info (10041): Inferred latch for "q[2]" at 8bitreg_lock.vhd(273)
Info (10041): Inferred latch for "q[1]" at 8bitreg_lock.vhd(273)
Info (10041): Inferred latch for "q[0]" at 8bitreg_lock.vhd(273)
Info: Elaborating entity "BCD_Calculator" for hierarchy "Core_Calculator:inst3|BCD_Calculator:inst19"
Info: Elaborating entity "4BitFullAdder" for hierarchy "Core_Calculator:inst3|BCD_Calculator:inst19|4BitFullAdder:inst17"
Info: Elaborating entity "1BitFullAdder" for hierarchy "Core_Calculator:inst3|BCD_Calculator:inst19|4BitFullAdder:inst17|1BitFullAdder:inst"
Info: Elaborating entity "1BitHalfAdder" for hierarchy "Core_Calculator:inst3|BCD_Calculator:inst19|4BitFullAdder:inst17|1BitFullAdder:inst|1BitHalfAdder:inst1"
Info: Elaborating entity "altpll0" for hierarchy "altpll0:inst"
Info: Elaborating entity "altpll" for hierarchy "altpll0:inst|altpll:altpll_component"
Info: Elaborated megafunction instantiation "altpll0:inst|altpll:altpll_component"
Info: Instantiated megafunction "altpll0:inst|altpll:altpll_component" with the following parameter:
    Info: Parameter "bandwidth_type" = "AUTO"
    Info: Parameter "clk0_divide_by" = "5000"
    Info: Parameter "clk0_duty_cycle" = "50"
    Info: Parameter "clk0_multiply_by" = "1"
    Info: Parameter "clk0_phase_shift" = "0"
    Info: Parameter "compensate_clock" = "CLK0"
    Info: Parameter "inclk0_input_frequency" = "20000"
    Info: Parameter "intended_device_family" = "Cyclone IV E"
    Info: Parameter "lpm_type" = "altpll"
    Info: Parameter "operation_mode" = "NORMAL"
    Info: Parameter "pll_type" = "AUTO"
    Info: Parameter "port_activeclock" = "PORT_UNUSED"
    Info: Parameter "port_areset" = "PORT_UNUSED"
    Info: Parameter "port_clkbad0" = "PORT_UNUSED"
    Info: Parameter "port_clkbad1" = "PORT_UNUSED"
    Info: Parameter "port_clkloss" = "PORT_UNUSED"
    Info: Parameter "port_clkswitch" = "PORT_UNUSED"
    Info: Parameter "port_configupdate" = "PORT_UNUSED"
    Info: Parameter "port_fbin" = "PORT_UNUSED"
    Info: Parameter "port_inclk0" = "PORT_USED"
    Info: Parameter "port_inclk1" = "PORT_UNUSED"
    Info: Parameter "port_locked" = "PORT_UNUSED"
    Info: Parameter "port_pfdena" = "PORT_UNUSED"
    Info: Parameter "port_phasecounterselect" = "PORT_UNUSED"
    Info: Parameter "port_phasedone" = "PORT_UNUSED"
    Info: Parameter "port_phasestep" = "PORT_UNUSED"
    Info: Parameter "port_phaseupdown" = "PORT_UNUSED"
    Info: Parameter "port_pllena" = "PORT_UNUSED"
    Info: Parameter "port_scanaclr" = "PORT_UNUSED"
    Info: Parameter "port_scanclk" = "PORT_UNUSED"
    Info: Parameter "port_scanclkena" = "PORT_UNUSED"
    Info: Parameter "port_scandata" = "PORT_UNUSED"
    Info: Parameter "port_scandataout" = "PORT_UNUSED"
    Info: Parameter "port_scandone" = "PORT_UNUSED"
    Info: Parameter "port_scanread" = "PORT_UNUSED"
    Info: Parameter "port_scanwrite" = "PORT_UNUSED"
    Info: Parameter "port_clk0" = "PORT_USED"
    Info: Parameter "port_clk1" = "PORT_UNUSED"
    Info: Parameter "port_clk2" = "PORT_UNUSED"
    Info: Parameter "port_clk3" = "PORT_UNUSED"
    Info: Parameter "port_clk4" = "PORT_UNUSED"
    Info: Parameter "port_clk5" = "PORT_UNUSED"
    Info: Parameter "port_clkena0" = "PORT_UNUSED"
    Info: Parameter "port_clkena1" = "PORT_UNUSED"
    Info: Parameter "port_clkena2" = "PORT_UNUSED"
    Info: Parameter "port_clkena3" = "PORT_UNUSED"
    Info: Parameter "port_clkena4" = "PORT_UNUSED"
    Info: Parameter "port_clkena5" = "PORT_UNUSED"
    Info: Parameter "port_extclk0" = "PORT_UNUSED"
    Info: Parameter "port_extclk1" = "PORT_UNUSED"
    Info: Parameter "port_extclk2" = "PORT_UNUSED"
    Info: Parameter "port_extclk3" = "PORT_UNUSED"
    Info: Parameter "width_clock" = "5"
Info: Found 1 design units, including 1 entities, in source file db/altpll_hv32.tdf
    Info: Found entity 1: altpll_hv32
Info: Elaborating entity "altpll_hv32" for hierarchy "altpll0:inst|altpll:altpll_component|altpll_hv32:auto_generated"
Info: Elaborating entity "seg_decoder" for hierarchy "seg_decoder:inst1"
Warning: Output pins are stuck at VCC or GND
    Warning (13410): Pin "row0" is stuck at GND
    Warning (13410): Pin "row1" is stuck at GND
    Warning (13410): Pin "row2" is stuck at GND
    Warning (13410): Pin "row3" is stuck at GND
Info: Timing-Driven Synthesis is running
Info: 1 registers lost all their fanouts during netlist optimizations. The first 1 are displayed below.
    Info: Register "Core_Calculator:inst3|key:inst|keyboard:inst1|pre_state.wait_key_release" lost all its fanouts during netlist optimizations.
Warning: Ignored assignments for entity "Sythesis_Caculator25_12_12" -- entity does not exist in design
    Warning: Assignment for entity set_global_assignment -name LL_ROOT_REGION ON -entity Sythesis_Caculator25_12_12 -section_id "Root Region" was ignored
    Warning: Assignment for entity set_global_assignment -name LL_MEMBER_STATE LOCKED -entity Sythesis_Caculator25_12_12 -section_id "Root Region" was ignored
Warning: Design contains 1 input pin(s) that do not drive logic
    Warning (15610): No output dependent on input pin "CLEAR"
Info: Implemented 99 device resources after synthesis - the final resource count might be different
    Info: Implemented 6 input pins
    Info: Implemented 15 output pins
    Info: Implemented 77 logic cells
    Info: Implemented 1 PLLs
Info: Quartus II Analysis & Synthesis was successful. 0 errors, 16 warnings
    Info: Peak virtual memory: 261 megabytes
    Info: Processing ended: Mon Dec 15 22:06:39 2025
    Info: Elapsed time: 00:00:02
    Info: Total CPU time (on all processors): 00:00:01


