Flow report for BCD_Calculator
Tue Nov 18 11:42:52 2025
Quartus II Version 9.1 Build 350 03/24/2010 Service Pack 2 SJ Web Edition


---------------------
; Table of Contents ;
---------------------
  1. Legal Notice
  2. Flow Summary
  3. Flow Settings
  4. Flow Non-Default Global Settings
  5. Flow Elapsed Time
  6. Flow OS Summary
  7. Flow Log



----------------
; Legal Notice ;
----------------
Copyright (C) 1991-2010 Altera Corporation
Your use of Altera Corporation's design tools, logic functions 
and other software and tools, and its AMPP partner logic 
functions, and any output files from any of the foregoing 
(including device programming or simulation files), and any 
associated documentation or information are expressly subject 
to the terms and conditions of the Altera Program License 
Subscription Agreement, Altera MegaCore Function License 
Agreement, or other applicable license agreement, including, 
without limitation, that your use is for the sole purpose of 
programming logic devices manufactured by Altera and sold by 
Altera or its authorized distributors.  Please refer to the 
applicable agreement for further details.



+-----------------------------------------------------------------------------------+
; Flow Summary                                                                      ;
+------------------------------------+----------------------------------------------+
; Flow Status                        ; Successful - Tue Nov 18 11:42:51 2025        ;
; Quartus II Version                 ; 9.1 Build 350 03/24/2010 SP 2 SJ Web Edition ;
; Revision Name                      ; BCD_Calculator                               ;
; Top-level Entity Name              ; BCD_Calculator                               ;
; Family                             ; Cyclone IV E                                 ;
; Device                             ; EP4CE6F17C8                                  ;
; Timing Models                      ; Preliminary                                  ;
; Met timing requirements            ; N/A                                          ;
; Total logic elements               ; 18 / 6,272 ( < 1 % )                         ;
;     Total combinational functions  ; 18 / 6,272 ( < 1 % )                         ;
;     Dedicated logic registers      ; 0 / 6,272 ( 0 % )                            ;
; Total registers                    ; 0                                            ;
; Total pins                         ; 16 / 180 ( 9 % )                             ;
; Total virtual pins                 ; 0                                            ;
; Total memory bits                  ; 0 / 276,480 ( 0 % )                          ;
; Embedded Multiplier 9-bit elements ; 0 / 30 ( 0 % )                               ;
; Total PLLs                         ; 0 / 2 ( 0 % )                                ;
+------------------------------------+----------------------------------------------+


+-----------------------------------------+
; Flow Settings                           ;
+-------------------+---------------------+
; Option            ; Setting             ;
+-------------------+---------------------+
; Start date & time ; 11/18/2025 11:42:40 ;
; Main task         ; Compilation         ;
; Revision Name     ; BCD_Calculator      ;
+-------------------+---------------------+


+-----------------------------------------------------------------------------------------------------------------------------------------------+
; Flow Non-Default Global Settings                                                                                                              ;
+------------------------------------+-----------------------------------------------------------+---------------+-------------+----------------+
; Assignment Name                    ; Value                                                     ; Default Value ; Entity Name ; Section Id     ;
+------------------------------------+-----------------------------------------------------------+---------------+-------------+----------------+
; COMPILER_SIGNATURE_ID              ; 224391401220068.176343736006996                           ; --            ; --          ; --             ;
; MAX_CORE_JUNCTION_TEMP             ; 85                                                        ; --            ; --          ; --             ;
; MIN_CORE_JUNCTION_TEMP             ; 0                                                         ; --            ; --          ; --             ;
; MISC_FILE                          ; E:/Quartus_FPGA/BCD_Calculator25_11_11/BCD_Calculator.dpf ; --            ; --          ; --             ;
; NOMINAL_CORE_SUPPLY_VOLTAGE        ; 1.2V                                                      ; --            ; --          ; --             ;
; PARTITION_COLOR                    ; 16764057                                                  ; --            ; --          ; Top            ;
; PARTITION_NETLIST_TYPE             ; SOURCE                                                    ; --            ; --          ; Top            ;
; USE_GENERATED_PHYSICAL_CONSTRAINTS ; Off                                                       ; --            ; --          ; eda_blast_fpga ;
+------------------------------------+-----------------------------------------------------------+---------------+-------------+----------------+


+-------------------------------------------------------------------------------------------------------------------------------+
; Flow Elapsed Time                                                                                                             ;
+---------------------------+--------------+-------------------------+---------------------+------------------------------------+
; Module Name               ; Elapsed Time ; Average Processors Used ; Peak Virtual Memory ; Total CPU Time (on all processors) ;
+---------------------------+--------------+-------------------------+---------------------+------------------------------------+
; Analysis & Synthesis      ; 00:00:03     ; 1.0                     ; 224 MB              ; 00:00:00                           ;
; Fitter                    ; 00:00:04     ; 1.0                     ; 294 MB              ; 00:00:01                           ;
; TimeQuest Timing Analyzer ; 00:00:02     ; 1.0                     ; 263 MB              ; 00:00:00                           ;
; Assembler                 ; 00:00:01     ; 1.0                     ; 227 MB              ; 00:00:00                           ;
; Total                     ; 00:00:09     ; --                      ; --                  ; 00:00:01                           ;
+---------------------------+--------------+-------------------------+---------------------+------------------------------------+


+--------------------------------------------------------------------------------------------+
; Flow OS Summary                                                                            ;
+---------------------------+------------------+---------------+------------+----------------+
; Module Name               ; Machine Hostname ; OS Name       ; OS Version ; Processor type ;
+---------------------------+------------------+---------------+------------+----------------+
; Analysis & Synthesis      ; Laptop-Wang      ; Windows Vista ; 6.2        ; x86_64         ;
; Fitter                    ; Laptop-Wang      ; Windows Vista ; 6.2        ; x86_64         ;
; Assembler                 ; Laptop-Wang      ; Windows Vista ; 6.2        ; x86_64         ;
; TimeQuest Timing Analyzer ; Laptop-Wang      ; Windows Vista ; 6.2        ; x86_64         ;
+---------------------------+------------------+---------------+------------+----------------+


------------
; Flow Log ;
------------
quartus_map --read_settings_files=on --write_settings_files=off BCD_Calculator -c BCD_Calculator
quartus_fit --read_settings_files=off --write_settings_files=off BCD_Calculator -c BCD_Calculator
quartus_asm --read_settings_files=off --write_settings_files=off BCD_Calculator -c BCD_Calculator
quartus_sta BCD_Calculator -c BCD_Calculator



